{"/Users/yuta/Library/CloudStorage/Dropbox/Projects/2023_Embroidery/0.p5.embroider/src/p5.embroider.js": {"path":"/Users/yuta/Library/CloudStorage/Dropbox/Projects/2023_Embroidery/0.p5.embroider/src/p5.embroider.js","statementMap":{"0":{"start":{"line":4,"column":13},"end":{"line":4,"column":18}},"1":{"start":{"line":6,"column":0},"end":{"line":2326,"column":60}},"2":{"start":{"line":7,"column":23},"end":{"line":7,"column":48}},"3":{"start":{"line":11,"column":19},"end":{"line":11,"column":24}},"4":{"start":{"line":12,"column":18},"end":{"line":12,"column":26}},"5":{"start":{"line":13,"column":20},"end":{"line":19,"column":3}},"6":{"start":{"line":22,"column":19},"end":{"line":22,"column":23}},"7":{"start":{"line":23,"column":18},"end":{"line":23,"column":20}},"8":{"start":{"line":24,"column":25},"end":{"line":24,"column":27}},"9":{"start":{"line":25,"column":18},"end":{"line":25,"column":23}},"10":{"start":{"line":26,"column":17},"end":{"line":26,"column":22}},"11":{"start":{"line":27,"column":21},"end":{"line":27,"column":26}},"12":{"start":{"line":28,"column":19},"end":{"line":28,"column":24}},"13":{"start":{"line":29,"column":24},"end":{"line":29,"column":28}},"14":{"start":{"line":31,"column":27},"end":{"line":31,"column":28}},"15":{"start":{"line":32,"column":25},"end":{"line":32,"column":26}},"16":{"start":{"line":35,"column":30},"end":{"line":45,"column":3}},"17":{"start":{"line":48,"column":22},"end":{"line":53,"column":3}},"18":{"start":{"line":56,"column":20},"end":{"line":60,"column":3}},"19":{"start":{"line":62,"column":18},"end":{"line":62,"column":23}},"20":{"start":{"line":63,"column":27},"end":{"line":63,"column":47}},"21":{"start":{"line":65,"column":16},"end":{"line":65,"column":21}},"22":{"start":{"line":66,"column":21},"end":{"line":66,"column":25}},"23":{"start":{"line":67,"column":25},"end":{"line":67,"column":41}},"24":{"start":{"line":68,"column":22},"end":{"line":78,"column":3}},"25":{"start":{"line":81,"column":24},"end":{"line":88,"column":3}},"26":{"start":{"line":104,"column":2},"end":{"line":111,"column":4}},"27":{"start":{"line":105,"column":4},"end":{"line":110,"column":5}},"28":{"start":{"line":106,"column":6},"end":{"line":106,"column":32}},"29":{"start":{"line":107,"column":6},"end":{"line":107,"column":40}},"30":{"start":{"line":109,"column":6},"end":{"line":109,"column":89}},"31":{"start":{"line":119,"column":2},"end":{"line":125,"column":4}},"32":{"start":{"line":120,"column":4},"end":{"line":124,"column":5}},"33":{"start":{"line":121,"column":6},"end":{"line":121,"column":30}},"34":{"start":{"line":123,"column":6},"end":{"line":123,"column":85}},"35":{"start":{"line":141,"column":2},"end":{"line":167,"column":4}},"36":{"start":{"line":142,"column":4},"end":{"line":144,"column":5}},"37":{"start":{"line":143,"column":6},"end":{"line":143,"column":57}},"38":{"start":{"line":145,"column":4},"end":{"line":147,"column":5}},"39":{"start":{"line":146,"column":6},"end":{"line":146,"column":55}},"40":{"start":{"line":148,"column":4},"end":{"line":150,"column":5}},"41":{"start":{"line":149,"column":6},"end":{"line":149,"column":63}},"42":{"start":{"line":151,"column":4},"end":{"line":153,"column":5}},"43":{"start":{"line":152,"column":6},"end":{"line":152,"column":59}},"44":{"start":{"line":155,"column":4},"end":{"line":157,"column":5}},"45":{"start":{"line":156,"column":6},"end":{"line":156,"column":61}},"46":{"start":{"line":158,"column":4},"end":{"line":160,"column":5}},"47":{"start":{"line":159,"column":6},"end":{"line":159,"column":47}},"48":{"start":{"line":161,"column":4},"end":{"line":163,"column":5}},"49":{"start":{"line":162,"column":6},"end":{"line":162,"column":55}},"50":{"start":{"line":164,"column":4},"end":{"line":166,"column":5}},"51":{"start":{"line":165,"column":6},"end":{"line":165,"column":61}},"52":{"start":{"line":184,"column":6},"end":{"line":184,"column":31}},"53":{"start":{"line":185,"column":6},"end":{"line":185,"column":21}},"54":{"start":{"line":186,"column":6},"end":{"line":186,"column":27}},"55":{"start":{"line":203,"column":2},"end":{"line":213,"column":4}},"56":{"start":{"line":204,"column":4},"end":{"line":206,"column":5}},"57":{"start":{"line":205,"column":6},"end":{"line":205,"column":72}},"58":{"start":{"line":207,"column":4},"end":{"line":207,"column":29}},"59":{"start":{"line":208,"column":4},"end":{"line":208,"column":41}},"60":{"start":{"line":209,"column":4},"end":{"line":209,"column":43}},"61":{"start":{"line":210,"column":4},"end":{"line":210,"column":53}},"62":{"start":{"line":211,"column":4},"end":{"line":211,"column":22}},"63":{"start":{"line":212,"column":4},"end":{"line":212,"column":26}},"64":{"start":{"line":231,"column":2},"end":{"line":235,"column":4}},"65":{"start":{"line":232,"column":4},"end":{"line":232,"column":23}},"66":{"start":{"line":233,"column":4},"end":{"line":233,"column":25}},"67":{"start":{"line":239,"column":4},"end":{"line":239,"column":48}},"68":{"start":{"line":241,"column":4},"end":{"line":266,"column":6}},"69":{"start":{"line":242,"column":6},"end":{"line":265,"column":7}},"70":{"start":{"line":243,"column":8},"end":{"line":255,"column":9}},"71":{"start":{"line":252,"column":10},"end":{"line":252,"column":28}},"72":{"start":{"line":254,"column":10},"end":{"line":254,"column":28}},"73":{"start":{"line":257,"column":8},"end":{"line":257,"column":23}},"74":{"start":{"line":258,"column":8},"end":{"line":258,"column":30}},"75":{"start":{"line":260,"column":8},"end":{"line":262,"column":9}},"76":{"start":{"line":261,"column":10},"end":{"line":261,"column":57}},"77":{"start":{"line":264,"column":8},"end":{"line":264,"column":55}},"78":{"start":{"line":271,"column":4},"end":{"line":271,"column":44}},"79":{"start":{"line":273,"column":4},"end":{"line":372,"column":6}},"80":{"start":{"line":274,"column":6},"end":{"line":277,"column":7}},"81":{"start":{"line":275,"column":8},"end":{"line":275,"column":85}},"82":{"start":{"line":276,"column":8},"end":{"line":276,"column":18}},"83":{"start":{"line":278,"column":6},"end":{"line":369,"column":7}},"84":{"start":{"line":279,"column":8},"end":{"line":279,"column":61}},"85":{"start":{"line":280,"column":8},"end":{"line":283,"column":9}},"86":{"start":{"line":281,"column":10},"end":{"line":281,"column":67}},"87":{"start":{"line":282,"column":10},"end":{"line":282,"column":22}},"88":{"start":{"line":284,"column":8},"end":{"line":288,"column":9}},"89":{"start":{"line":285,"column":10},"end":{"line":285,"column":63}},"90":{"start":{"line":286,"column":8},"end":{"line":286,"column":44}},"91":{"start":{"line":287,"column":8},"end":{"line":287,"column":40}},"92":{"start":{"line":289,"column":8},"end":{"line":292,"column":9}},"93":{"start":{"line":290,"column":10},"end":{"line":290,"column":84}},"94":{"start":{"line":291,"column":10},"end":{"line":291,"column":22}},"95":{"start":{"line":294,"column":27},"end":{"line":294,"column":48}},"96":{"start":{"line":296,"column":8},"end":{"line":298,"column":9}},"97":{"start":{"line":297,"column":10},"end":{"line":297,"column":39}},"98":{"start":{"line":299,"column":8},"end":{"line":312,"column":9}},"99":{"start":{"line":301,"column":29},"end":{"line":304,"column":13}},"100":{"start":{"line":301,"column":51},"end":{"line":304,"column":11}},"101":{"start":{"line":305,"column":31},"end":{"line":305,"column":82}},"102":{"start":{"line":306,"column":10},"end":{"line":306,"column":72}},"103":{"start":{"line":309,"column":10},"end":{"line":311,"column":11}},"104":{"start":{"line":310,"column":12},"end":{"line":310,"column":57}},"105":{"start":{"line":317,"column":25},"end":{"line":317,"column":91}},"106":{"start":{"line":320,"column":8},"end":{"line":327,"column":9}},"107":{"start":{"line":321,"column":10},"end":{"line":326,"column":13}},"108":{"start":{"line":330,"column":8},"end":{"line":330,"column":68}},"109":{"start":{"line":332,"column":8},"end":{"line":343,"column":9}},"110":{"start":{"line":333,"column":10},"end":{"line":339,"column":13}},"111":{"start":{"line":340,"column":10},"end":{"line":340,"column":53}},"112":{"start":{"line":341,"column":15},"end":{"line":343,"column":9}},"113":{"start":{"line":342,"column":10},"end":{"line":342,"column":63}},"114":{"start":{"line":345,"column":8},"end":{"line":345,"column":25}},"115":{"start":{"line":346,"column":8},"end":{"line":346,"column":26}},"116":{"start":{"line":347,"column":8},"end":{"line":347,"column":29}},"117":{"start":{"line":348,"column":8},"end":{"line":348,"column":27}},"118":{"start":{"line":349,"column":8},"end":{"line":349,"column":31}},"119":{"start":{"line":354,"column":8},"end":{"line":356,"column":9}},"120":{"start":{"line":355,"column":10},"end":{"line":355,"column":26}},"121":{"start":{"line":359,"column":8},"end":{"line":366,"column":10}},"122":{"start":{"line":361,"column":69},"end":{"line":365,"column":11}},"123":{"start":{"line":368,"column":8},"end":{"line":368,"column":53}},"124":{"start":{"line":371,"column":6},"end":{"line":371,"column":18}},"125":{"start":{"line":377,"column":4},"end":{"line":377,"column":40}},"126":{"start":{"line":379,"column":4},"end":{"line":404,"column":6}},"127":{"start":{"line":380,"column":6},"end":{"line":403,"column":7}},"128":{"start":{"line":382,"column":21},"end":{"line":388,"column":9}},"129":{"start":{"line":390,"column":8},"end":{"line":392,"column":9}},"130":{"start":{"line":391,"column":10},"end":{"line":391,"column":31}},"131":{"start":{"line":394,"column":8},"end":{"line":396,"column":9}},"132":{"start":{"line":395,"column":10},"end":{"line":395,"column":90}},"133":{"start":{"line":398,"column":8},"end":{"line":398,"column":29}},"134":{"start":{"line":399,"column":8},"end":{"line":399,"column":56}},"135":{"start":{"line":399,"column":20},"end":{"line":399,"column":56}},"136":{"start":{"line":401,"column":19},"end":{"line":401,"column":61}},"137":{"start":{"line":402,"column":8},"end":{"line":402,"column":46}},"138":{"start":{"line":415,"column":2},"end":{"line":447,"column":4}},"139":{"start":{"line":416,"column":19},"end":{"line":416,"column":21}},"140":{"start":{"line":418,"column":4},"end":{"line":420,"column":5}},"141":{"start":{"line":419,"column":6},"end":{"line":419,"column":22}},"142":{"start":{"line":423,"column":23},"end":{"line":426,"column":7}},"143":{"start":{"line":423,"column":44},"end":{"line":426,"column":5}},"144":{"start":{"line":429,"column":4},"end":{"line":446,"column":5}},"145":{"start":{"line":430,"column":6},"end":{"line":442,"column":7}},"146":{"start":{"line":432,"column":10},"end":{"line":432,"column":72}},"147":{"start":{"line":434,"column":10},"end":{"line":434,"column":66}},"148":{"start":{"line":436,"column":10},"end":{"line":436,"column":69}},"149":{"start":{"line":438,"column":10},"end":{"line":438,"column":67}},"150":{"start":{"line":441,"column":10},"end":{"line":441,"column":67}},"151":{"start":{"line":445,"column":6},"end":{"line":445,"column":63}},"152":{"start":{"line":455,"column":4},"end":{"line":455,"column":36}},"153":{"start":{"line":456,"column":4},"end":{"line":470,"column":6}},"154":{"start":{"line":457,"column":6},"end":{"line":469,"column":7}},"155":{"start":{"line":458,"column":23},"end":{"line":458,"column":77}},"156":{"start":{"line":459,"column":8},"end":{"line":459,"column":68}},"157":{"start":{"line":461,"column":8},"end":{"line":466,"column":9}},"158":{"start":{"line":462,"column":10},"end":{"line":462,"column":53}},"159":{"start":{"line":464,"column":10},"end":{"line":464,"column":88}},"160":{"start":{"line":465,"column":10},"end":{"line":465,"column":99}},"161":{"start":{"line":468,"column":8},"end":{"line":468,"column":49}},"162":{"start":{"line":479,"column":4},"end":{"line":479,"column":40}},"163":{"start":{"line":480,"column":4},"end":{"line":537,"column":6}},"164":{"start":{"line":481,"column":6},"end":{"line":536,"column":7}},"165":{"start":{"line":485,"column":8},"end":{"line":505,"column":9}},"166":{"start":{"line":487,"column":10},"end":{"line":496,"column":11}},"167":{"start":{"line":489,"column":29},"end":{"line":489,"column":60}},"168":{"start":{"line":490,"column":12},"end":{"line":490,"column":42}},"169":{"start":{"line":491,"column":12},"end":{"line":491,"column":44}},"170":{"start":{"line":492,"column":12},"end":{"line":492,"column":43}},"171":{"start":{"line":495,"column":12},"end":{"line":495,"column":37}},"172":{"start":{"line":497,"column":15},"end":{"line":505,"column":9}},"173":{"start":{"line":499,"column":10},"end":{"line":499,"column":27}},"174":{"start":{"line":500,"column":10},"end":{"line":500,"column":27}},"175":{"start":{"line":501,"column":10},"end":{"line":501,"column":27}},"176":{"start":{"line":504,"column":10},"end":{"line":504,"column":24}},"177":{"start":{"line":508,"column":26},"end":{"line":508,"column":28}},"178":{"start":{"line":509,"column":8},"end":{"line":515,"column":9}},"179":{"start":{"line":509,"column":21},"end":{"line":509,"column":22}},"180":{"start":{"line":510,"column":30},"end":{"line":510,"column":58}},"181":{"start":{"line":511,"column":10},"end":{"line":514,"column":11}},"182":{"start":{"line":512,"column":12},"end":{"line":512,"column":28}},"183":{"start":{"line":513,"column":12},"end":{"line":513,"column":18}},"184":{"start":{"line":517,"column":8},"end":{"line":521,"column":9}},"185":{"start":{"line":519,"column":10},"end":{"line":519,"column":56}},"186":{"start":{"line":520,"column":10},"end":{"line":520,"column":55}},"187":{"start":{"line":525,"column":8},"end":{"line":527,"column":9}},"188":{"start":{"line":526,"column":10},"end":{"line":526,"column":23}},"189":{"start":{"line":530,"column":8},"end":{"line":530,"column":41}},"190":{"start":{"line":531,"column":8},"end":{"line":531,"column":25}},"191":{"start":{"line":533,"column":8},"end":{"line":533,"column":51}},"192":{"start":{"line":535,"column":8},"end":{"line":535,"column":51}},"193":{"start":{"line":546,"column":4},"end":{"line":546,"column":44}},"194":{"start":{"line":547,"column":4},"end":{"line":552,"column":6}},"195":{"start":{"line":548,"column":6},"end":{"line":550,"column":7}},"196":{"start":{"line":549,"column":8},"end":{"line":549,"column":26}},"197":{"start":{"line":551,"column":6},"end":{"line":551,"column":51}},"198":{"start":{"line":561,"column":4},"end":{"line":561,"column":36}},"199":{"start":{"line":562,"column":4},"end":{"line":615,"column":6}},"200":{"start":{"line":563,"column":6},"end":{"line":614,"column":7}},"201":{"start":{"line":567,"column":8},"end":{"line":587,"column":9}},"202":{"start":{"line":569,"column":10},"end":{"line":578,"column":11}},"203":{"start":{"line":571,"column":29},"end":{"line":571,"column":60}},"204":{"start":{"line":572,"column":12},"end":{"line":572,"column":42}},"205":{"start":{"line":573,"column":12},"end":{"line":573,"column":44}},"206":{"start":{"line":574,"column":12},"end":{"line":574,"column":43}},"207":{"start":{"line":577,"column":12},"end":{"line":577,"column":37}},"208":{"start":{"line":579,"column":15},"end":{"line":587,"column":9}},"209":{"start":{"line":581,"column":10},"end":{"line":581,"column":27}},"210":{"start":{"line":582,"column":10},"end":{"line":582,"column":27}},"211":{"start":{"line":583,"column":10},"end":{"line":583,"column":27}},"212":{"start":{"line":586,"column":10},"end":{"line":586,"column":24}},"213":{"start":{"line":590,"column":26},"end":{"line":590,"column":28}},"214":{"start":{"line":591,"column":8},"end":{"line":597,"column":9}},"215":{"start":{"line":591,"column":21},"end":{"line":591,"column":22}},"216":{"start":{"line":592,"column":25},"end":{"line":592,"column":47}},"217":{"start":{"line":593,"column":10},"end":{"line":596,"column":11}},"218":{"start":{"line":594,"column":12},"end":{"line":594,"column":28}},"219":{"start":{"line":595,"column":12},"end":{"line":595,"column":18}},"220":{"start":{"line":599,"column":8},"end":{"line":603,"column":9}},"221":{"start":{"line":601,"column":10},"end":{"line":601,"column":56}},"222":{"start":{"line":602,"column":10},"end":{"line":602,"column":55}},"223":{"start":{"line":606,"column":8},"end":{"line":606,"column":39}},"224":{"start":{"line":609,"column":8},"end":{"line":609,"column":23}},"225":{"start":{"line":611,"column":8},"end":{"line":611,"column":49}},"226":{"start":{"line":613,"column":8},"end":{"line":613,"column":49}},"227":{"start":{"line":624,"column":4},"end":{"line":624,"column":40}},"228":{"start":{"line":625,"column":4},"end":{"line":631,"column":6}},"229":{"start":{"line":626,"column":6},"end":{"line":629,"column":7}},"230":{"start":{"line":627,"column":8},"end":{"line":627,"column":24}},"231":{"start":{"line":628,"column":8},"end":{"line":628,"column":28}},"232":{"start":{"line":630,"column":6},"end":{"line":630,"column":49}},"233":{"start":{"line":640,"column":4},"end":{"line":640,"column":52}},"234":{"start":{"line":642,"column":4},"end":{"line":652,"column":6}},"235":{"start":{"line":643,"column":6},"end":{"line":651,"column":7}},"236":{"start":{"line":645,"column":8},"end":{"line":645,"column":46}},"237":{"start":{"line":648,"column":8},"end":{"line":648,"column":53}},"238":{"start":{"line":650,"column":8},"end":{"line":650,"column":57}},"239":{"start":{"line":661,"column":4},"end":{"line":661,"column":42}},"240":{"start":{"line":662,"column":4},"end":{"line":767,"column":6}},"241":{"start":{"line":663,"column":6},"end":{"line":766,"column":7}},"242":{"start":{"line":665,"column":22},"end":{"line":665,"column":27}},"243":{"start":{"line":666,"column":22},"end":{"line":666,"column":27}},"244":{"start":{"line":669,"column":25},"end":{"line":669,"column":27}},"245":{"start":{"line":670,"column":23},"end":{"line":670,"column":114}},"246":{"start":{"line":673,"column":8},"end":{"line":683,"column":9}},"247":{"start":{"line":673,"column":21},"end":{"line":673,"column":22}},"248":{"start":{"line":674,"column":22},"end":{"line":674,"column":50}},"249":{"start":{"line":675,"column":23},"end":{"line":675,"column":52}},"250":{"start":{"line":676,"column":23},"end":{"line":676,"column":52}},"251":{"start":{"line":679,"column":10},"end":{"line":682,"column":13}},"252":{"start":{"line":686,"column":8},"end":{"line":689,"column":11}},"253":{"start":{"line":692,"column":8},"end":{"line":763,"column":9}},"254":{"start":{"line":695,"column":10},"end":{"line":711,"column":11}},"255":{"start":{"line":702,"column":12},"end":{"line":702,"column":39}},"256":{"start":{"line":703,"column":12},"end":{"line":703,"column":39}},"257":{"start":{"line":707,"column":14},"end":{"line":707,"column":115}},"258":{"start":{"line":708,"column":29},"end":{"line":708,"column":56}},"259":{"start":{"line":709,"column":12},"end":{"line":709,"column":36}},"260":{"start":{"line":710,"column":12},"end":{"line":710,"column":36}},"261":{"start":{"line":714,"column":10},"end":{"line":729,"column":11}},"262":{"start":{"line":718,"column":12},"end":{"line":728,"column":15}},"263":{"start":{"line":733,"column":10},"end":{"line":750,"column":11}},"264":{"start":{"line":734,"column":12},"end":{"line":746,"column":13}},"265":{"start":{"line":736,"column":16},"end":{"line":736,"column":77}},"266":{"start":{"line":737,"column":16},"end":{"line":737,"column":22}},"267":{"start":{"line":739,"column":16},"end":{"line":739,"column":80}},"268":{"start":{"line":740,"column":16},"end":{"line":740,"column":22}},"269":{"start":{"line":742,"column":16},"end":{"line":742,"column":78}},"270":{"start":{"line":743,"column":16},"end":{"line":743,"column":22}},"271":{"start":{"line":745,"column":16},"end":{"line":745,"column":83}},"272":{"start":{"line":749,"column":12},"end":{"line":749,"column":79}},"273":{"start":{"line":753,"column":10},"end":{"line":753,"column":70}},"274":{"start":{"line":756,"column":10},"end":{"line":762,"column":11}},"275":{"start":{"line":757,"column":12},"end":{"line":757,"column":86}},"276":{"start":{"line":758,"column":12},"end":{"line":758,"column":90}},"277":{"start":{"line":759,"column":12},"end":{"line":759,"column":100}},"278":{"start":{"line":761,"column":12},"end":{"line":761,"column":55}},"279":{"start":{"line":765,"column":8},"end":{"line":765,"column":52}},"280":{"start":{"line":776,"column":4},"end":{"line":776,"column":38}},"281":{"start":{"line":777,"column":4},"end":{"line":799,"column":6}},"282":{"start":{"line":778,"column":6},"end":{"line":798,"column":7}},"283":{"start":{"line":780,"column":23},"end":{"line":785,"column":9}},"284":{"start":{"line":786,"column":8},"end":{"line":786,"column":68}},"285":{"start":{"line":788,"column":8},"end":{"line":794,"column":9}},"286":{"start":{"line":789,"column":10},"end":{"line":789,"column":29}},"287":{"start":{"line":790,"column":10},"end":{"line":790,"column":59}},"288":{"start":{"line":791,"column":10},"end":{"line":791,"column":57}},"289":{"start":{"line":792,"column":10},"end":{"line":792,"column":75}},"290":{"start":{"line":793,"column":10},"end":{"line":793,"column":28}},"291":{"start":{"line":796,"column":8},"end":{"line":796,"column":86}},"292":{"start":{"line":797,"column":8},"end":{"line":797,"column":50}},"293":{"start":{"line":808,"column":4},"end":{"line":808,"column":36}},"294":{"start":{"line":809,"column":4},"end":{"line":857,"column":6}},"295":{"start":{"line":810,"column":21},"end":{"line":810,"column":23}},"296":{"start":{"line":811,"column":25},"end":{"line":811,"column":27}},"297":{"start":{"line":812,"column":27},"end":{"line":812,"column":29}},"298":{"start":{"line":814,"column":6},"end":{"line":856,"column":7}},"299":{"start":{"line":815,"column":8},"end":{"line":828,"column":9}},"300":{"start":{"line":816,"column":10},"end":{"line":823,"column":11}},"301":{"start":{"line":818,"column":14},"end":{"line":818,"column":73}},"302":{"start":{"line":819,"column":14},"end":{"line":819,"column":20}},"303":{"start":{"line":822,"column":14},"end":{"line":822,"column":73}},"304":{"start":{"line":825,"column":10},"end":{"line":825,"column":41}},"305":{"start":{"line":827,"column":10},"end":{"line":827,"column":72}},"306":{"start":{"line":830,"column":8},"end":{"line":840,"column":9}},"307":{"start":{"line":831,"column":27},"end":{"line":831,"column":29}},"308":{"start":{"line":833,"column":10},"end":{"line":833,"column":89}},"309":{"start":{"line":834,"column":10},"end":{"line":834,"column":97}},"310":{"start":{"line":835,"column":10},"end":{"line":835,"column":97}},"311":{"start":{"line":836,"column":10},"end":{"line":836,"column":89}},"312":{"start":{"line":839,"column":10},"end":{"line":839,"column":76}},"313":{"start":{"line":843,"column":8},"end":{"line":853,"column":9}},"314":{"start":{"line":848,"column":10},"end":{"line":848,"column":55}},"315":{"start":{"line":849,"column":10},"end":{"line":849,"column":59}},"316":{"start":{"line":851,"column":10},"end":{"line":851,"column":88}},"317":{"start":{"line":852,"column":10},"end":{"line":852,"column":95}},"318":{"start":{"line":855,"column":8},"end":{"line":855,"column":49}},"319":{"start":{"line":865,"column":4},"end":{"line":865,"column":27}},"320":{"start":{"line":866,"column":4},"end":{"line":866,"column":30}},"321":{"start":{"line":867,"column":4},"end":{"line":867,"column":35}},"322":{"start":{"line":868,"column":4},"end":{"line":868,"column":28}},"323":{"start":{"line":869,"column":4},"end":{"line":869,"column":29}},"324":{"start":{"line":870,"column":4},"end":{"line":870,"column":31}},"325":{"start":{"line":871,"column":4},"end":{"line":871,"column":27}},"326":{"start":{"line":872,"column":4},"end":{"line":872,"column":29}},"327":{"start":{"line":873,"column":4},"end":{"line":873,"column":27}},"328":{"start":{"line":874,"column":4},"end":{"line":874,"column":29}},"329":{"start":{"line":875,"column":4},"end":{"line":875,"column":33}},"330":{"start":{"line":876,"column":4},"end":{"line":876,"column":31}},"331":{"start":{"line":885,"column":4},"end":{"line":885,"column":36}},"332":{"start":{"line":886,"column":4},"end":{"line":886,"column":42}},"333":{"start":{"line":887,"column":4},"end":{"line":887,"column":52}},"334":{"start":{"line":888,"column":4},"end":{"line":888,"column":38}},"335":{"start":{"line":889,"column":4},"end":{"line":889,"column":40}},"336":{"start":{"line":890,"column":4},"end":{"line":890,"column":44}},"337":{"start":{"line":891,"column":4},"end":{"line":891,"column":36}},"338":{"start":{"line":892,"column":4},"end":{"line":892,"column":40}},"339":{"start":{"line":893,"column":4},"end":{"line":893,"column":36}},"340":{"start":{"line":894,"column":4},"end":{"line":894,"column":40}},"341":{"start":{"line":895,"column":4},"end":{"line":895,"column":48}},"342":{"start":{"line":896,"column":4},"end":{"line":896,"column":44}},"343":{"start":{"line":919,"column":2},"end":{"line":927,"column":4}},"344":{"start":{"line":920,"column":4},"end":{"line":920,"column":65}},"345":{"start":{"line":921,"column":4},"end":{"line":921,"column":68}},"346":{"start":{"line":922,"column":4},"end":{"line":922,"column":72}},"347":{"start":{"line":924,"column":4},"end":{"line":924,"column":74}},"348":{"start":{"line":925,"column":4},"end":{"line":925,"column":68}},"349":{"start":{"line":926,"column":4},"end":{"line":926,"column":70}},"350":{"start":{"line":936,"column":2},"end":{"line":939,"column":4}},"351":{"start":{"line":938,"column":4},"end":{"line":938,"column":45}},"352":{"start":{"line":948,"column":2},"end":{"line":951,"column":4}},"353":{"start":{"line":950,"column":4},"end":{"line":950,"column":43}},"354":{"start":{"line":970,"column":2},"end":{"line":972,"column":4}},"355":{"start":{"line":971,"column":4},"end":{"line":971,"column":21}},"356":{"start":{"line":985,"column":4},"end":{"line":989,"column":9}},"357":{"start":{"line":986,"column":6},"end":{"line":989,"column":9}},"358":{"start":{"line":991,"column":4},"end":{"line":995,"column":9}},"359":{"start":{"line":992,"column":6},"end":{"line":995,"column":9}},"360":{"start":{"line":997,"column":13},"end":{"line":997,"column":20}},"361":{"start":{"line":998,"column":13},"end":{"line":998,"column":20}},"362":{"start":{"line":999,"column":19},"end":{"line":999,"column":47}},"363":{"start":{"line":1001,"column":4},"end":{"line":1009,"column":9}},"364":{"start":{"line":1002,"column":6},"end":{"line":1009,"column":9}},"365":{"start":{"line":1011,"column":4},"end":{"line":1026,"column":5}},"366":{"start":{"line":1012,"column":6},"end":{"line":1023,"column":7}},"367":{"start":{"line":1014,"column":10},"end":{"line":1014,"column":68}},"368":{"start":{"line":1016,"column":10},"end":{"line":1016,"column":62}},"369":{"start":{"line":1018,"column":10},"end":{"line":1018,"column":65}},"370":{"start":{"line":1020,"column":10},"end":{"line":1020,"column":63}},"371":{"start":{"line":1022,"column":10},"end":{"line":1022,"column":68}},"372":{"start":{"line":1025,"column":6},"end":{"line":1025,"column":64}},"373":{"start":{"line":1037,"column":4},"end":{"line":1040,"column":5}},"374":{"start":{"line":1038,"column":6},"end":{"line":1038,"column":84}},"375":{"start":{"line":1039,"column":6},"end":{"line":1039,"column":16}},"376":{"start":{"line":1042,"column":4},"end":{"line":1073,"column":5}},"377":{"start":{"line":1043,"column":6},"end":{"line":1062,"column":7}},"378":{"start":{"line":1045,"column":10},"end":{"line":1045,"column":72}},"379":{"start":{"line":1047,"column":10},"end":{"line":1047,"column":66}},"380":{"start":{"line":1049,"column":10},"end":{"line":1049,"column":69}},"381":{"start":{"line":1051,"column":10},"end":{"line":1051,"column":67}},"382":{"start":{"line":1054,"column":25},"end":{"line":1054,"column":27}},"383":{"start":{"line":1055,"column":10},"end":{"line":1060,"column":11}},"384":{"start":{"line":1055,"column":23},"end":{"line":1055,"column":24}},"385":{"start":{"line":1056,"column":23},"end":{"line":1056,"column":36}},"386":{"start":{"line":1057,"column":23},"end":{"line":1057,"column":40}},"387":{"start":{"line":1058,"column":36},"end":{"line":1058,"column":94}},"388":{"start":{"line":1059,"column":12},"end":{"line":1059,"column":44}},"389":{"start":{"line":1061,"column":10},"end":{"line":1061,"column":24}},"390":{"start":{"line":1065,"column":21},"end":{"line":1065,"column":23}},"391":{"start":{"line":1066,"column":6},"end":{"line":1071,"column":7}},"392":{"start":{"line":1066,"column":19},"end":{"line":1066,"column":20}},"393":{"start":{"line":1067,"column":19},"end":{"line":1067,"column":32}},"394":{"start":{"line":1068,"column":19},"end":{"line":1068,"column":36}},"395":{"start":{"line":1069,"column":32},"end":{"line":1069,"column":90}},"396":{"start":{"line":1070,"column":8},"end":{"line":1070,"column":40}},"397":{"start":{"line":1072,"column":6},"end":{"line":1072,"column":20}},"398":{"start":{"line":1089,"column":23},"end":{"line":1092,"column":5}},"399":{"start":{"line":1096,"column":19},"end":{"line":1096,"column":21}},"400":{"start":{"line":1097,"column":13},"end":{"line":1097,"column":20}},"401":{"start":{"line":1098,"column":13},"end":{"line":1098,"column":20}},"402":{"start":{"line":1099,"column":19},"end":{"line":1099,"column":47}},"403":{"start":{"line":1102,"column":16},"end":{"line":1102,"column":30}},"404":{"start":{"line":1103,"column":16},"end":{"line":1103,"column":29}},"405":{"start":{"line":1106,"column":16},"end":{"line":1106,"column":81}},"406":{"start":{"line":1109,"column":25},"end":{"line":1109,"column":52}},"407":{"start":{"line":1110,"column":21},"end":{"line":1110,"column":71}},"408":{"start":{"line":1113,"column":20},"end":{"line":1113,"column":29}},"409":{"start":{"line":1114,"column":15},"end":{"line":1114,"column":16}},"410":{"start":{"line":1117,"column":4},"end":{"line":1120,"column":7}},"411":{"start":{"line":1123,"column":4},"end":{"line":1134,"column":5}},"412":{"start":{"line":1123,"column":17},"end":{"line":1123,"column":18}},"413":{"start":{"line":1124,"column":14},"end":{"line":1124,"column":28}},"414":{"start":{"line":1125,"column":6},"end":{"line":1125,"column":19}},"415":{"start":{"line":1127,"column":19},"end":{"line":1127,"column":57}},"416":{"start":{"line":1128,"column":19},"end":{"line":1128,"column":57}},"417":{"start":{"line":1130,"column":6},"end":{"line":1133,"column":9}},"418":{"start":{"line":1137,"column":4},"end":{"line":1143,"column":5}},"419":{"start":{"line":1139,"column":6},"end":{"line":1142,"column":9}},"420":{"start":{"line":1145,"column":4},"end":{"line":1145,"column":68}},"421":{"start":{"line":1145,"column":16},"end":{"line":1145,"column":68}},"422":{"start":{"line":1146,"column":4},"end":{"line":1146,"column":20}},"423":{"start":{"line":1161,"column":19},"end":{"line":1161,"column":21}},"424":{"start":{"line":1162,"column":13},"end":{"line":1162,"column":20}},"425":{"start":{"line":1163,"column":13},"end":{"line":1163,"column":20}},"426":{"start":{"line":1164,"column":21},"end":{"line":1164,"column":49}},"427":{"start":{"line":1166,"column":4},"end":{"line":1169,"column":7}},"428":{"start":{"line":1172,"column":4},"end":{"line":1174,"column":5}},"429":{"start":{"line":1173,"column":6},"end":{"line":1173,"column":22}},"430":{"start":{"line":1176,"column":27},"end":{"line":1176,"column":54}},"431":{"start":{"line":1177,"column":22},"end":{"line":1177,"column":61}},"432":{"start":{"line":1178,"column":26},"end":{"line":1178,"column":27}},"433":{"start":{"line":1182,"column":4},"end":{"line":1198,"column":5}},"434":{"start":{"line":1182,"column":17},"end":{"line":1182,"column":18}},"435":{"start":{"line":1184,"column":25},"end":{"line":1184,"column":41}},"436":{"start":{"line":1185,"column":6},"end":{"line":1188,"column":7}},"437":{"start":{"line":1186,"column":20},"end":{"line":1186,"column":74}},"438":{"start":{"line":1187,"column":8},"end":{"line":1187,"column":34}},"439":{"start":{"line":1191,"column":6},"end":{"line":1191,"column":38}},"440":{"start":{"line":1192,"column":14},"end":{"line":1192,"column":53}},"441":{"start":{"line":1194,"column":6},"end":{"line":1197,"column":9}},"442":{"start":{"line":1201,"column":28},"end":{"line":1201,"column":54}},"443":{"start":{"line":1202,"column":4},"end":{"line":1207,"column":5}},"444":{"start":{"line":1203,"column":6},"end":{"line":1206,"column":9}},"445":{"start":{"line":1209,"column":4},"end":{"line":1209,"column":75}},"446":{"start":{"line":1209,"column":16},"end":{"line":1209,"column":75}},"447":{"start":{"line":1210,"column":4},"end":{"line":1210,"column":20}},"448":{"start":{"line":1221,"column":4},"end":{"line":1224,"column":5}},"449":{"start":{"line":1222,"column":6},"end":{"line":1222,"column":83}},"450":{"start":{"line":1223,"column":6},"end":{"line":1223,"column":16}},"451":{"start":{"line":1226,"column":19},"end":{"line":1226,"column":21}},"452":{"start":{"line":1227,"column":18},"end":{"line":1227,"column":83}},"453":{"start":{"line":1230,"column":4},"end":{"line":1237,"column":5}},"454":{"start":{"line":1230,"column":17},"end":{"line":1230,"column":18}},"455":{"start":{"line":1231,"column":17},"end":{"line":1231,"column":30}},"456":{"start":{"line":1232,"column":17},"end":{"line":1232,"column":34}},"457":{"start":{"line":1235,"column":30},"end":{"line":1235,"column":82}},"458":{"start":{"line":1236,"column":6},"end":{"line":1236,"column":38}},"459":{"start":{"line":1239,"column":4},"end":{"line":1239,"column":18}},"460":{"start":{"line":1244,"column":23},"end":{"line":1247,"column":5}},"461":{"start":{"line":1248,"column":4},"end":{"line":1248,"column":63}},"462":{"start":{"line":1259,"column":4},"end":{"line":1262,"column":5}},"463":{"start":{"line":1260,"column":6},"end":{"line":1260,"column":87}},"464":{"start":{"line":1261,"column":6},"end":{"line":1261,"column":16}},"465":{"start":{"line":1264,"column":25},"end":{"line":1264,"column":58}},"466":{"start":{"line":1265,"column":18},"end":{"line":1265,"column":50}},"467":{"start":{"line":1266,"column":21},"end":{"line":1266,"column":66}},"468":{"start":{"line":1267,"column":19},"end":{"line":1267,"column":21}},"469":{"start":{"line":1270,"column":20},"end":{"line":1270,"column":42}},"470":{"start":{"line":1273,"column":4},"end":{"line":1352,"column":5}},"471":{"start":{"line":1273,"column":17},"end":{"line":1273,"column":18}},"472":{"start":{"line":1275,"column":21},"end":{"line":1275,"column":44}},"473":{"start":{"line":1276,"column":25},"end":{"line":1276,"column":27}},"474":{"start":{"line":1279,"column":6},"end":{"line":1333,"column":7}},"475":{"start":{"line":1279,"column":19},"end":{"line":1279,"column":20}},"476":{"start":{"line":1281,"column":8},"end":{"line":1332,"column":9}},"477":{"start":{"line":1284,"column":10},"end":{"line":1298,"column":11}},"478":{"start":{"line":1286,"column":23},"end":{"line":1286,"column":56}},"479":{"start":{"line":1287,"column":23},"end":{"line":1287,"column":56}},"480":{"start":{"line":1288,"column":29},"end":{"line":1288,"column":57}},"481":{"start":{"line":1289,"column":12},"end":{"line":1289,"column":35}},"482":{"start":{"line":1290,"column":12},"end":{"line":1290,"column":34}},"483":{"start":{"line":1293,"column":23},"end":{"line":1293,"column":60}},"484":{"start":{"line":1294,"column":23},"end":{"line":1294,"column":60}},"485":{"start":{"line":1295,"column":29},"end":{"line":1295,"column":57}},"486":{"start":{"line":1296,"column":12},"end":{"line":1296,"column":35}},"487":{"start":{"line":1297,"column":12},"end":{"line":1297,"column":34}},"488":{"start":{"line":1300,"column":10},"end":{"line":1303,"column":13}},"489":{"start":{"line":1306,"column":25},"end":{"line":1306,"column":62}},"490":{"start":{"line":1307,"column":25},"end":{"line":1307,"column":62}},"491":{"start":{"line":1308,"column":31},"end":{"line":1308,"column":75}},"492":{"start":{"line":1310,"column":25},"end":{"line":1310,"column":62}},"493":{"start":{"line":1311,"column":25},"end":{"line":1311,"column":62}},"494":{"start":{"line":1312,"column":31},"end":{"line":1312,"column":75}},"495":{"start":{"line":1315,"column":28},"end":{"line":1315,"column":50}},"496":{"start":{"line":1316,"column":28},"end":{"line":1316,"column":49}},"497":{"start":{"line":1318,"column":28},"end":{"line":1318,"column":50}},"498":{"start":{"line":1319,"column":28},"end":{"line":1319,"column":49}},"499":{"start":{"line":1322,"column":24},"end":{"line":1322,"column":51}},"500":{"start":{"line":1323,"column":24},"end":{"line":1323,"column":51}},"501":{"start":{"line":1326,"column":25},"end":{"line":1326,"column":65}},"502":{"start":{"line":1328,"column":10},"end":{"line":1331,"column":13}},"503":{"start":{"line":1337,"column":6},"end":{"line":1351,"column":7}},"504":{"start":{"line":1338,"column":8},"end":{"line":1343,"column":9}},"505":{"start":{"line":1338,"column":21},"end":{"line":1338,"column":22}},"506":{"start":{"line":1339,"column":24},"end":{"line":1339,"column":37}},"507":{"start":{"line":1340,"column":22},"end":{"line":1340,"column":39}},"508":{"start":{"line":1341,"column":31},"end":{"line":1341,"column":97}},"509":{"start":{"line":1342,"column":10},"end":{"line":1342,"column":39}},"510":{"start":{"line":1345,"column":8},"end":{"line":1350,"column":9}},"511":{"start":{"line":1345,"column":21},"end":{"line":1345,"column":42}},"512":{"start":{"line":1346,"column":24},"end":{"line":1346,"column":37}},"513":{"start":{"line":1347,"column":22},"end":{"line":1347,"column":39}},"514":{"start":{"line":1348,"column":31},"end":{"line":1348,"column":97}},"515":{"start":{"line":1349,"column":10},"end":{"line":1349,"column":39}},"516":{"start":{"line":1354,"column":4},"end":{"line":1354,"column":18}},"517":{"start":{"line":1359,"column":23},"end":{"line":1362,"column":5}},"518":{"start":{"line":1363,"column":4},"end":{"line":1363,"column":61}},"519":{"start":{"line":1374,"column":4},"end":{"line":1377,"column":5}},"520":{"start":{"line":1375,"column":6},"end":{"line":1375,"column":84}},"521":{"start":{"line":1376,"column":6},"end":{"line":1376,"column":16}},"522":{"start":{"line":1379,"column":19},"end":{"line":1379,"column":21}},"523":{"start":{"line":1382,"column":4},"end":{"line":1434,"column":5}},"524":{"start":{"line":1382,"column":17},"end":{"line":1382,"column":18}},"525":{"start":{"line":1383,"column":17},"end":{"line":1383,"column":30}},"526":{"start":{"line":1384,"column":17},"end":{"line":1384,"column":34}},"527":{"start":{"line":1387,"column":17},"end":{"line":1387,"column":28}},"528":{"start":{"line":1388,"column":17},"end":{"line":1388,"column":28}},"529":{"start":{"line":1389,"column":23},"end":{"line":1389,"column":51}},"530":{"start":{"line":1392,"column":19},"end":{"line":1392,"column":32}},"531":{"start":{"line":1393,"column":19},"end":{"line":1393,"column":32}},"532":{"start":{"line":1396,"column":34},"end":{"line":1396,"column":65}},"533":{"start":{"line":1397,"column":30},"end":{"line":1397,"column":55}},"534":{"start":{"line":1398,"column":29},"end":{"line":1398,"column":54}},"535":{"start":{"line":1400,"column":24},"end":{"line":1400,"column":25}},"536":{"start":{"line":1401,"column":24},"end":{"line":1401,"column":28}},"537":{"start":{"line":1404,"column":6},"end":{"line":1433,"column":7}},"538":{"start":{"line":1405,"column":30},"end":{"line":1405,"column":76}},"539":{"start":{"line":1406,"column":24},"end":{"line":1406,"column":71}},"540":{"start":{"line":1409,"column":26},"end":{"line":1409,"column":51}},"541":{"start":{"line":1410,"column":26},"end":{"line":1410,"column":51}},"542":{"start":{"line":1411,"column":24},"end":{"line":1411,"column":45}},"543":{"start":{"line":1412,"column":24},"end":{"line":1412,"column":45}},"544":{"start":{"line":1415,"column":30},"end":{"line":1418,"column":9}},"545":{"start":{"line":1420,"column":8},"end":{"line":1428,"column":9}},"546":{"start":{"line":1422,"column":31},"end":{"line":1422,"column":85}},"547":{"start":{"line":1423,"column":10},"end":{"line":1423,"column":39}},"548":{"start":{"line":1426,"column":31},"end":{"line":1426,"column":105}},"549":{"start":{"line":1427,"column":10},"end":{"line":1427,"column":39}},"550":{"start":{"line":1431,"column":8},"end":{"line":1431,"column":30}},"551":{"start":{"line":1432,"column":8},"end":{"line":1432,"column":35}},"552":{"start":{"line":1436,"column":4},"end":{"line":1436,"column":18}},"553":{"start":{"line":1457,"column":2},"end":{"line":1468,"column":4}},"554":{"start":{"line":1458,"column":22},"end":{"line":1458,"column":61}},"555":{"start":{"line":1460,"column":4},"end":{"line":1467,"column":5}},"556":{"start":{"line":1462,"column":8},"end":{"line":1462,"column":41}},"557":{"start":{"line":1463,"column":8},"end":{"line":1463,"column":14}},"558":{"start":{"line":1465,"column":8},"end":{"line":1465,"column":69}},"559":{"start":{"line":1466,"column":8},"end":{"line":1466,"column":14}},"560":{"start":{"line":1488,"column":2},"end":{"line":1511,"column":4}},"561":{"start":{"line":1489,"column":19},"end":{"line":1489,"column":21}},"562":{"start":{"line":1490,"column":4},"end":{"line":1500,"column":5}},"563":{"start":{"line":1491,"column":6},"end":{"line":1499,"column":7}},"564":{"start":{"line":1492,"column":8},"end":{"line":1498,"column":9}},"565":{"start":{"line":1493,"column":10},"end":{"line":1497,"column":13}},"566":{"start":{"line":1502,"column":24},"end":{"line":1502,"column":41}},"567":{"start":{"line":1503,"column":4},"end":{"line":1503,"column":49}},"568":{"start":{"line":1504,"column":4},"end":{"line":1509,"column":5}},"569":{"start":{"line":1505,"column":6},"end":{"line":1505,"column":49}},"570":{"start":{"line":1506,"column":6},"end":{"line":1508,"column":7}},"571":{"start":{"line":1507,"column":8},"end":{"line":1507,"column":43}},"572":{"start":{"line":1510,"column":4},"end":{"line":1510,"column":65}},"573":{"start":{"line":1531,"column":2},"end":{"line":1637,"column":4}},"574":{"start":{"line":1532,"column":19},"end":{"line":1532,"column":21}},"575":{"start":{"line":1533,"column":22},"end":{"line":1533,"column":37}},"576":{"start":{"line":1535,"column":4},"end":{"line":1535,"column":59}},"577":{"start":{"line":1535,"column":16},"end":{"line":1535,"column":59}},"578":{"start":{"line":1536,"column":4},"end":{"line":1536,"column":83}},"579":{"start":{"line":1536,"column":16},"end":{"line":1536,"column":83}},"580":{"start":{"line":1538,"column":29},"end":{"line":1538,"column":31}},"581":{"start":{"line":1540,"column":4},"end":{"line":1601,"column":5}},"582":{"start":{"line":1540,"column":27},"end":{"line":1540,"column":28}},"583":{"start":{"line":1541,"column":21},"end":{"line":1541,"column":53}},"584":{"start":{"line":1544,"column":6},"end":{"line":1546,"column":7}},"585":{"start":{"line":1544,"column":65},"end":{"line":1544,"column":79}},"586":{"start":{"line":1545,"column":8},"end":{"line":1545,"column":17}},"587":{"start":{"line":1549,"column":6},"end":{"line":1561,"column":7}},"588":{"start":{"line":1551,"column":26},"end":{"line":1551,"column":51}},"589":{"start":{"line":1554,"column":8},"end":{"line":1558,"column":11}},"590":{"start":{"line":1560,"column":8},"end":{"line":1560,"column":78}},"591":{"start":{"line":1560,"column":20},"end":{"line":1560,"column":78}},"592":{"start":{"line":1563,"column":6},"end":{"line":1563,"column":39}},"593":{"start":{"line":1565,"column":6},"end":{"line":1600,"column":7}},"594":{"start":{"line":1567,"column":8},"end":{"line":1581,"column":9}},"595":{"start":{"line":1568,"column":10},"end":{"line":1571,"column":11}},"596":{"start":{"line":1569,"column":12},"end":{"line":1569,"column":64}},"597":{"start":{"line":1570,"column":12},"end":{"line":1570,"column":79}},"598":{"start":{"line":1574,"column":10},"end":{"line":1579,"column":13}},"599":{"start":{"line":1580,"column":10},"end":{"line":1580,"column":19}},"600":{"start":{"line":1584,"column":8},"end":{"line":1584,"column":58}},"601":{"start":{"line":1584,"column":20},"end":{"line":1584,"column":58}},"602":{"start":{"line":1585,"column":8},"end":{"line":1599,"column":9}},"603":{"start":{"line":1586,"column":10},"end":{"line":1590,"column":15}},"604":{"start":{"line":1587,"column":12},"end":{"line":1590,"column":15}},"605":{"start":{"line":1593,"column":10},"end":{"line":1598,"column":13}},"606":{"start":{"line":1604,"column":4},"end":{"line":1607,"column":5}},"607":{"start":{"line":1605,"column":6},"end":{"line":1605,"column":53}},"608":{"start":{"line":1606,"column":6},"end":{"line":1606,"column":13}},"609":{"start":{"line":1609,"column":4},"end":{"line":1634,"column":5}},"610":{"start":{"line":1610,"column":6},"end":{"line":1610,"column":48}},"611":{"start":{"line":1611,"column":6},"end":{"line":1611,"column":50}},"612":{"start":{"line":1612,"column":6},"end":{"line":1612,"column":45}},"613":{"start":{"line":1613,"column":6},"end":{"line":1613,"column":60}},"614":{"start":{"line":1616,"column":17},"end":{"line":1616,"column":25}},"615":{"start":{"line":1617,"column":15},"end":{"line":1617,"column":24}},"616":{"start":{"line":1618,"column":15},"end":{"line":1618,"column":23}},"617":{"start":{"line":1619,"column":15},"end":{"line":1619,"column":24}},"618":{"start":{"line":1620,"column":6},"end":{"line":1625,"column":7}},"619":{"start":{"line":1621,"column":8},"end":{"line":1621,"column":39}},"620":{"start":{"line":1622,"column":8},"end":{"line":1622,"column":39}},"621":{"start":{"line":1623,"column":8},"end":{"line":1623,"column":39}},"622":{"start":{"line":1624,"column":8},"end":{"line":1624,"column":39}},"623":{"start":{"line":1626,"column":6},"end":{"line":1633,"column":9}},"624":{"start":{"line":1636,"column":4},"end":{"line":1636,"column":61}},"625":{"start":{"line":1656,"column":2},"end":{"line":1713,"column":4}},"626":{"start":{"line":1657,"column":4},"end":{"line":1712,"column":5}},"627":{"start":{"line":1659,"column":28},"end":{"line":1659,"column":60}},"628":{"start":{"line":1662,"column":6},"end":{"line":1664,"column":7}},"629":{"start":{"line":1663,"column":8},"end":{"line":1663,"column":15}},"630":{"start":{"line":1667,"column":22},"end":{"line":1667,"column":71}},"631":{"start":{"line":1670,"column":6},"end":{"line":1672,"column":7}},"632":{"start":{"line":1671,"column":8},"end":{"line":1671,"column":15}},"633":{"start":{"line":1675,"column":28},"end":{"line":1675,"column":46}},"634":{"start":{"line":1676,"column":21},"end":{"line":1676,"column":47}},"635":{"start":{"line":1677,"column":21},"end":{"line":1677,"column":47}},"636":{"start":{"line":1679,"column":6},"end":{"line":1679,"column":78}},"637":{"start":{"line":1679,"column":18},"end":{"line":1679,"column":78}},"638":{"start":{"line":1682,"column":6},"end":{"line":1688,"column":9}},"639":{"start":{"line":1690,"column":6},"end":{"line":1711,"column":7}},"640":{"start":{"line":1692,"column":8},"end":{"line":1692,"column":27}},"641":{"start":{"line":1693,"column":8},"end":{"line":1693,"column":47}},"642":{"start":{"line":1694,"column":25},"end":{"line":1694,"column":27}},"643":{"start":{"line":1695,"column":19},"end":{"line":1695,"column":51}},"644":{"start":{"line":1696,"column":19},"end":{"line":1696,"column":51}},"645":{"start":{"line":1697,"column":8},"end":{"line":1697,"column":57}},"646":{"start":{"line":1698,"column":8},"end":{"line":1698,"column":57}},"647":{"start":{"line":1700,"column":8},"end":{"line":1700,"column":98}},"648":{"start":{"line":1702,"column":8},"end":{"line":1702,"column":27}},"649":{"start":{"line":1703,"column":8},"end":{"line":1703,"column":48}},"650":{"start":{"line":1704,"column":8},"end":{"line":1704,"column":64}},"651":{"start":{"line":1705,"column":8},"end":{"line":1705,"column":40}},"652":{"start":{"line":1706,"column":8},"end":{"line":1706,"column":75}},"653":{"start":{"line":1707,"column":8},"end":{"line":1707,"column":26}},"654":{"start":{"line":1709,"column":8},"end":{"line":1709,"column":43}},"655":{"start":{"line":1710,"column":8},"end":{"line":1710,"column":26}},"656":{"start":{"line":1723,"column":16},"end":{"line":1723,"column":40}},"657":{"start":{"line":1724,"column":16},"end":{"line":1724,"column":40}},"658":{"start":{"line":1726,"column":4},"end":{"line":1809,"column":5}},"659":{"start":{"line":1728,"column":6},"end":{"line":1728,"column":25}},"660":{"start":{"line":1730,"column":6},"end":{"line":1758,"column":7}},"661":{"start":{"line":1730,"column":19},"end":{"line":1730,"column":20}},"662":{"start":{"line":1731,"column":23},"end":{"line":1731,"column":47}},"663":{"start":{"line":1732,"column":23},"end":{"line":1732,"column":47}},"664":{"start":{"line":1734,"column":8},"end":{"line":1739,"column":9}},"665":{"start":{"line":1736,"column":10},"end":{"line":1736,"column":59}},"666":{"start":{"line":1737,"column":10},"end":{"line":1737,"column":57}},"667":{"start":{"line":1738,"column":10},"end":{"line":1738,"column":61}},"668":{"start":{"line":1742,"column":8},"end":{"line":1747,"column":10}},"669":{"start":{"line":1748,"column":8},"end":{"line":1748,"column":55}},"670":{"start":{"line":1749,"column":8},"end":{"line":1749,"column":78}},"671":{"start":{"line":1752,"column":8},"end":{"line":1752,"column":57}},"672":{"start":{"line":1753,"column":8},"end":{"line":1753,"column":55}},"673":{"start":{"line":1754,"column":8},"end":{"line":1754,"column":65}},"674":{"start":{"line":1756,"column":8},"end":{"line":1756,"column":25}},"675":{"start":{"line":1757,"column":8},"end":{"line":1757,"column":25}},"676":{"start":{"line":1759,"column":6},"end":{"line":1759,"column":24}},"677":{"start":{"line":1760,"column":11},"end":{"line":1809,"column":5}},"678":{"start":{"line":1761,"column":6},"end":{"line":1761,"column":25}},"679":{"start":{"line":1762,"column":6},"end":{"line":1762,"column":35}},"680":{"start":{"line":1766,"column":6},"end":{"line":1806,"column":7}},"681":{"start":{"line":1766,"column":19},"end":{"line":1766,"column":20}},"682":{"start":{"line":1767,"column":23},"end":{"line":1767,"column":47}},"683":{"start":{"line":1768,"column":23},"end":{"line":1768,"column":47}},"684":{"start":{"line":1769,"column":8},"end":{"line":1769,"column":48}},"685":{"start":{"line":1770,"column":8},"end":{"line":1770,"column":48}},"686":{"start":{"line":1772,"column":8},"end":{"line":1772,"column":70}},"687":{"start":{"line":1776,"column":8},"end":{"line":1781,"column":10}},"688":{"start":{"line":1782,"column":8},"end":{"line":1782,"column":57}},"689":{"start":{"line":1783,"column":8},"end":{"line":1783,"column":78}},"690":{"start":{"line":1786,"column":8},"end":{"line":1791,"column":10}},"691":{"start":{"line":1792,"column":8},"end":{"line":1792,"column":57}},"692":{"start":{"line":1793,"column":8},"end":{"line":1793,"column":78}},"693":{"start":{"line":1796,"column":8},"end":{"line":1801,"column":10}},"694":{"start":{"line":1802,"column":8},"end":{"line":1802,"column":55}},"695":{"start":{"line":1803,"column":8},"end":{"line":1803,"column":78}},"696":{"start":{"line":1804,"column":8},"end":{"line":1804,"column":25}},"697":{"start":{"line":1805,"column":8},"end":{"line":1805,"column":25}},"698":{"start":{"line":1807,"column":6},"end":{"line":1807,"column":36}},"699":{"start":{"line":1808,"column":6},"end":{"line":1808,"column":24}},"700":{"start":{"line":1812,"column":4},"end":{"line":1817,"column":33}},"701":{"start":{"line":1832,"column":21},"end":{"line":1832,"column":23}},"702":{"start":{"line":1833,"column":18},"end":{"line":1833,"column":38}},"703":{"start":{"line":1834,"column":25},"end":{"line":1834,"column":52}},"704":{"start":{"line":1835,"column":24},"end":{"line":1835,"column":50}},"705":{"start":{"line":1836,"column":28},"end":{"line":1836,"column":58}},"706":{"start":{"line":1837,"column":26},"end":{"line":1837,"column":54}},"707":{"start":{"line":1838,"column":24},"end":{"line":1838,"column":50}},"708":{"start":{"line":1841,"column":22},"end":{"line":1841,"column":37}},"709":{"start":{"line":1842,"column":22},"end":{"line":1842,"column":37}},"710":{"start":{"line":1845,"column":19},"end":{"line":1850,"column":5}},"711":{"start":{"line":1853,"column":20},"end":{"line":1856,"column":7}},"712":{"start":{"line":1853,"column":39},"end":{"line":1856,"column":5}},"713":{"start":{"line":1859,"column":17},"end":{"line":1859,"column":53}},"714":{"start":{"line":1859,"column":48},"end":{"line":1859,"column":51}},"715":{"start":{"line":1860,"column":17},"end":{"line":1860,"column":53}},"716":{"start":{"line":1860,"column":48},"end":{"line":1860,"column":51}},"717":{"start":{"line":1861,"column":17},"end":{"line":1861,"column":53}},"718":{"start":{"line":1861,"column":48},"end":{"line":1861,"column":51}},"719":{"start":{"line":1862,"column":17},"end":{"line":1862,"column":53}},"720":{"start":{"line":1862,"column":48},"end":{"line":1862,"column":51}},"721":{"start":{"line":1865,"column":20},"end":{"line":1865,"column":58}},"722":{"start":{"line":1868,"column":18},"end":{"line":1868,"column":22}},"723":{"start":{"line":1869,"column":4},"end":{"line":1886,"column":5}},"724":{"start":{"line":1869,"column":17},"end":{"line":1869,"column":18}},"725":{"start":{"line":1870,"column":19},"end":{"line":1870,"column":41}},"726":{"start":{"line":1873,"column":20},"end":{"line":1873,"column":41}},"727":{"start":{"line":1874,"column":20},"end":{"line":1874,"column":41}},"728":{"start":{"line":1877,"column":24},"end":{"line":1877,"column":47}},"729":{"start":{"line":1879,"column":6},"end":{"line":1883,"column":7}},"730":{"start":{"line":1880,"column":8},"end":{"line":1880,"column":87}},"731":{"start":{"line":1882,"column":8},"end":{"line":1882,"column":87}},"732":{"start":{"line":1885,"column":6},"end":{"line":1885,"column":25}},"733":{"start":{"line":1888,"column":4},"end":{"line":1888,"column":20}},"734":{"start":{"line":1892,"column":15},"end":{"line":1892,"column":35}},"735":{"start":{"line":1892,"column":31},"end":{"line":1892,"column":34}},"736":{"start":{"line":1893,"column":15},"end":{"line":1893,"column":35}},"737":{"start":{"line":1893,"column":31},"end":{"line":1893,"column":34}},"738":{"start":{"line":1894,"column":17},"end":{"line":1894,"column":32}},"739":{"start":{"line":1895,"column":17},"end":{"line":1895,"column":32}},"740":{"start":{"line":1896,"column":17},"end":{"line":1896,"column":32}},"741":{"start":{"line":1897,"column":17},"end":{"line":1897,"column":32}},"742":{"start":{"line":1899,"column":4},"end":{"line":1904,"column":6}},"743":{"start":{"line":1909,"column":18},"end":{"line":1909,"column":37}},"744":{"start":{"line":1910,"column":20},"end":{"line":1910,"column":41}},"745":{"start":{"line":1911,"column":25},"end":{"line":1911,"column":51}},"746":{"start":{"line":1914,"column":19},"end":{"line":1914,"column":44}},"747":{"start":{"line":1917,"column":20},"end":{"line":1917,"column":43}},"748":{"start":{"line":1918,"column":20},"end":{"line":1918,"column":43}},"749":{"start":{"line":1921,"column":21},"end":{"line":1921,"column":79}},"750":{"start":{"line":1924,"column":29},"end":{"line":1924,"column":31}},"751":{"start":{"line":1925,"column":18},"end":{"line":1925,"column":22}},"752":{"start":{"line":1928,"column":4},"end":{"line":1960,"column":5}},"753":{"start":{"line":1928,"column":17},"end":{"line":1928,"column":28}},"754":{"start":{"line":1930,"column":21},"end":{"line":1930,"column":81}},"755":{"start":{"line":1931,"column":21},"end":{"line":1931,"column":81}},"756":{"start":{"line":1932,"column":19},"end":{"line":1932,"column":79}},"757":{"start":{"line":1933,"column":19},"end":{"line":1933,"column":79}},"758":{"start":{"line":1936,"column":28},"end":{"line":1936,"column":107}},"759":{"start":{"line":1939,"column":6},"end":{"line":1943,"column":9}},"760":{"start":{"line":1940,"column":22},"end":{"line":1940,"column":98}},"761":{"start":{"line":1941,"column":22},"end":{"line":1941,"column":98}},"762":{"start":{"line":1942,"column":8},"end":{"line":1942,"column":29}},"763":{"start":{"line":1946,"column":28},"end":{"line":1946,"column":116}},"764":{"start":{"line":1949,"column":6},"end":{"line":1956,"column":7}},"765":{"start":{"line":1950,"column":8},"end":{"line":1955,"column":11}},"766":{"start":{"line":1959,"column":6},"end":{"line":1959,"column":25}},"767":{"start":{"line":1963,"column":21},"end":{"line":1963,"column":75}},"768":{"start":{"line":1965,"column":4},"end":{"line":1965,"column":20}},"769":{"start":{"line":1970,"column":4},"end":{"line":1970,"column":41}},"770":{"start":{"line":1970,"column":31},"end":{"line":1970,"column":41}},"771":{"start":{"line":1972,"column":21},"end":{"line":1972,"column":23}},"772":{"start":{"line":1973,"column":17},"end":{"line":1973,"column":55}},"773":{"start":{"line":1974,"column":26},"end":{"line":1974,"column":28}},"774":{"start":{"line":1977,"column":4},"end":{"line":2041,"column":5}},"775":{"start":{"line":1977,"column":17},"end":{"line":1977,"column":18}},"776":{"start":{"line":1978,"column":6},"end":{"line":1978,"column":28}},"777":{"start":{"line":1978,"column":19},"end":{"line":1978,"column":28}},"778":{"start":{"line":1981,"column":28},"end":{"line":1981,"column":30}},"779":{"start":{"line":1982,"column":20},"end":{"line":1982,"column":23}},"780":{"start":{"line":1985,"column":6},"end":{"line":2012,"column":7}},"781":{"start":{"line":1986,"column":29},"end":{"line":1986,"column":40}},"782":{"start":{"line":1987,"column":8},"end":{"line":1987,"column":41}},"783":{"start":{"line":1987,"column":32},"end":{"line":1987,"column":41}},"784":{"start":{"line":1989,"column":8},"end":{"line":1989,"column":34}},"785":{"start":{"line":1990,"column":8},"end":{"line":1990,"column":51}},"786":{"start":{"line":1993,"column":8},"end":{"line":2011,"column":9}},"787":{"start":{"line":1993,"column":21},"end":{"line":1993,"column":22}},"788":{"start":{"line":1994,"column":10},"end":{"line":1994,"column":32}},"789":{"start":{"line":1994,"column":23},"end":{"line":1994,"column":32}},"790":{"start":{"line":1996,"column":29},"end":{"line":1996,"column":51}},"791":{"start":{"line":1997,"column":26},"end":{"line":1997,"column":37}},"792":{"start":{"line":2000,"column":26},"end":{"line":2005,"column":11}},"793":{"start":{"line":2008,"column":10},"end":{"line":2010,"column":11}},"794":{"start":{"line":2009,"column":12},"end":{"line":2009,"column":26}},"795":{"start":{"line":2015,"column":30},"end":{"line":2015,"column":80}},"796":{"start":{"line":2018,"column":6},"end":{"line":2037,"column":7}},"797":{"start":{"line":2020,"column":27},"end":{"line":2020,"column":56}},"798":{"start":{"line":2021,"column":28},"end":{"line":2021,"column":46}},"799":{"start":{"line":2024,"column":29},"end":{"line":2027,"column":9}},"800":{"start":{"line":2030,"column":8},"end":{"line":2036,"column":9}},"801":{"start":{"line":2031,"column":10},"end":{"line":2035,"column":13}},"802":{"start":{"line":2040,"column":6},"end":{"line":2040,"column":40}},"803":{"start":{"line":2043,"column":4},"end":{"line":2043,"column":20}},"804":{"start":{"line":2048,"column":27},"end":{"line":2052,"column":5}},"805":{"start":{"line":2054,"column":4},"end":{"line":2054,"column":47}},"806":{"start":{"line":2054,"column":37},"end":{"line":2054,"column":47}},"807":{"start":{"line":2055,"column":4},"end":{"line":2063,"column":5}},"808":{"start":{"line":2056,"column":18},"end":{"line":2056,"column":35}},"809":{"start":{"line":2057,"column":26},"end":{"line":2060,"column":7}},"810":{"start":{"line":2062,"column":6},"end":{"line":2062,"column":64}},"811":{"start":{"line":2065,"column":21},"end":{"line":2065,"column":23}},"812":{"start":{"line":2066,"column":17},"end":{"line":2066,"column":61}},"813":{"start":{"line":2067,"column":37},"end":{"line":2067,"column":38}},"814":{"start":{"line":2070,"column":26},"end":{"line":2070,"column":27}},"815":{"start":{"line":2071,"column":4},"end":{"line":2071,"column":19}},"816":{"start":{"line":2073,"column":21},"end":{"line":2073,"column":38}},"817":{"start":{"line":2074,"column":29},"end":{"line":2077,"column":5}},"818":{"start":{"line":2079,"column":33},"end":{"line":2079,"column":88}},"819":{"start":{"line":2080,"column":4},"end":{"line":2080,"column":43}},"820":{"start":{"line":2083,"column":4},"end":{"line":2135,"column":5}},"821":{"start":{"line":2083,"column":17},"end":{"line":2083,"column":18}},"822":{"start":{"line":2084,"column":25},"end":{"line":2084,"column":27}},"823":{"start":{"line":2085,"column":24},"end":{"line":2085,"column":32}},"824":{"start":{"line":2087,"column":25},"end":{"line":2087,"column":54}},"825":{"start":{"line":2089,"column":6},"end":{"line":2104,"column":7}},"826":{"start":{"line":2089,"column":19},"end":{"line":2089,"column":20}},"827":{"start":{"line":2090,"column":8},"end":{"line":2090,"column":30}},"828":{"start":{"line":2090,"column":21},"end":{"line":2090,"column":30}},"829":{"start":{"line":2092,"column":24},"end":{"line":2092,"column":41}},"830":{"start":{"line":2095,"column":28},"end":{"line":2095,"column":176}},"831":{"start":{"line":2096,"column":26},"end":{"line":2096,"column":166}},"832":{"start":{"line":2098,"column":24},"end":{"line":2098,"column":56}},"833":{"start":{"line":2100,"column":8},"end":{"line":2103,"column":9}},"834":{"start":{"line":2101,"column":10},"end":{"line":2101,"column":32}},"835":{"start":{"line":2102,"column":10},"end":{"line":2102,"column":27}},"836":{"start":{"line":2106,"column":6},"end":{"line":2134,"column":7}},"837":{"start":{"line":2107,"column":8},"end":{"line":2107,"column":34}},"838":{"start":{"line":2108,"column":24},"end":{"line":2108,"column":52}},"839":{"start":{"line":2120,"column":28},"end":{"line":2120,"column":176}},"840":{"start":{"line":2121,"column":26},"end":{"line":2121,"column":166}},"841":{"start":{"line":2123,"column":36},"end":{"line":2123,"column":60}},"842":{"start":{"line":2126,"column":28},"end":{"line":2129,"column":9}},"843":{"start":{"line":2132,"column":32},"end":{"line":2132,"column":82}},"844":{"start":{"line":2133,"column":8},"end":{"line":2133,"column":42}},"845":{"start":{"line":2137,"column":4},"end":{"line":2137,"column":20}},"846":{"start":{"line":2142,"column":26},"end":{"line":2142,"column":28}},"847":{"start":{"line":2145,"column":4},"end":{"line":2161,"column":5}},"848":{"start":{"line":2145,"column":17},"end":{"line":2145,"column":18}},"849":{"start":{"line":2146,"column":6},"end":{"line":2146,"column":47}},"850":{"start":{"line":2146,"column":41},"end":{"line":2146,"column":47}},"851":{"start":{"line":2148,"column":23},"end":{"line":2148,"column":39}},"852":{"start":{"line":2149,"column":21},"end":{"line":2149,"column":41}},"853":{"start":{"line":2152,"column":19},"end":{"line":2152,"column":46}},"854":{"start":{"line":2153,"column":19},"end":{"line":2153,"column":46}},"855":{"start":{"line":2155,"column":6},"end":{"line":2160,"column":7}},"856":{"start":{"line":2156,"column":8},"end":{"line":2159,"column":11}},"857":{"start":{"line":2163,"column":4},"end":{"line":2163,"column":25}},"858":{"start":{"line":2168,"column":17},"end":{"line":2168,"column":22}},"859":{"start":{"line":2170,"column":4},"end":{"line":2180,"column":5}},"860":{"start":{"line":2170,"column":17},"end":{"line":2170,"column":18}},"861":{"start":{"line":2170,"column":24},"end":{"line":2170,"column":42}},"862":{"start":{"line":2171,"column":17},"end":{"line":2171,"column":29}},"863":{"start":{"line":2172,"column":17},"end":{"line":2172,"column":29}},"864":{"start":{"line":2173,"column":17},"end":{"line":2173,"column":29}},"865":{"start":{"line":2174,"column":17},"end":{"line":2174,"column":29}},"866":{"start":{"line":2176,"column":6},"end":{"line":2179,"column":7}},"867":{"start":{"line":2178,"column":8},"end":{"line":2178,"column":25}},"868":{"start":{"line":2182,"column":4},"end":{"line":2182,"column":18}},"869":{"start":{"line":2187,"column":26},"end":{"line":2187,"column":28}},"870":{"start":{"line":2190,"column":4},"end":{"line":2199,"column":5}},"871":{"start":{"line":2190,"column":17},"end":{"line":2190,"column":18}},"872":{"start":{"line":2191,"column":17},"end":{"line":2191,"column":27}},"873":{"start":{"line":2192,"column":17},"end":{"line":2192,"column":31}},"874":{"start":{"line":2195,"column":27},"end":{"line":2195,"column":63}},"875":{"start":{"line":2196,"column":6},"end":{"line":2198,"column":7}},"876":{"start":{"line":2197,"column":8},"end":{"line":2197,"column":41}},"877":{"start":{"line":2202,"column":4},"end":{"line":2209,"column":5}},"878":{"start":{"line":2203,"column":17},"end":{"line":2203,"column":44}},"879":{"start":{"line":2204,"column":17},"end":{"line":2204,"column":27}},"880":{"start":{"line":2205,"column":27},"end":{"line":2205,"column":63}},"881":{"start":{"line":2206,"column":6},"end":{"line":2208,"column":7}},"882":{"start":{"line":2207,"column":8},"end":{"line":2207,"column":41}},"883":{"start":{"line":2211,"column":4},"end":{"line":2211,"column":25}},"884":{"start":{"line":2219,"column":25},"end":{"line":2219,"column":86}},"885":{"start":{"line":2222,"column":4},"end":{"line":2224,"column":5}},"886":{"start":{"line":2223,"column":6},"end":{"line":2223,"column":18}},"887":{"start":{"line":2226,"column":15},"end":{"line":2226,"column":92}},"888":{"start":{"line":2227,"column":15},"end":{"line":2227,"column":92}},"889":{"start":{"line":2230,"column":4},"end":{"line":2234,"column":5}},"890":{"start":{"line":2231,"column":28},"end":{"line":2231,"column":53}},"891":{"start":{"line":2232,"column":28},"end":{"line":2232,"column":53}},"892":{"start":{"line":2233,"column":6},"end":{"line":2233,"column":52}},"893":{"start":{"line":2237,"column":4},"end":{"line":2237,"column":16}},"894":{"start":{"line":2250,"column":4},"end":{"line":2253,"column":5}},"895":{"start":{"line":2251,"column":6},"end":{"line":2251,"column":73}},"896":{"start":{"line":2252,"column":6},"end":{"line":2252,"column":16}},"897":{"start":{"line":2255,"column":25},"end":{"line":2255,"column":27}},"898":{"start":{"line":2256,"column":22},"end":{"line":2256,"column":31}},"899":{"start":{"line":2257,"column":15},"end":{"line":2257,"column":16}},"900":{"start":{"line":2260,"column":4},"end":{"line":2294,"column":5}},"901":{"start":{"line":2260,"column":17},"end":{"line":2260,"column":18}},"902":{"start":{"line":2261,"column":17},"end":{"line":2261,"column":30}},"903":{"start":{"line":2262,"column":17},"end":{"line":2262,"column":34}},"904":{"start":{"line":2265,"column":17},"end":{"line":2265,"column":28}},"905":{"start":{"line":2266,"column":17},"end":{"line":2266,"column":28}},"906":{"start":{"line":2267,"column":23},"end":{"line":2267,"column":51}},"907":{"start":{"line":2270,"column":6},"end":{"line":2270,"column":35}},"908":{"start":{"line":2270,"column":26},"end":{"line":2270,"column":35}},"909":{"start":{"line":2273,"column":20},"end":{"line":2273,"column":34}},"910":{"start":{"line":2274,"column":20},"end":{"line":2274,"column":33}},"911":{"start":{"line":2277,"column":24},"end":{"line":2277,"column":66}},"912":{"start":{"line":2280,"column":6},"end":{"line":2293,"column":7}},"913":{"start":{"line":2280,"column":19},"end":{"line":2280,"column":20}},"914":{"start":{"line":2281,"column":18},"end":{"line":2281,"column":31}},"915":{"start":{"line":2284,"column":8},"end":{"line":2284,"column":32}},"916":{"start":{"line":2284,"column":19},"end":{"line":2284,"column":32}},"917":{"start":{"line":2286,"column":23},"end":{"line":2286,"column":63}},"918":{"start":{"line":2287,"column":23},"end":{"line":2287,"column":63}},"919":{"start":{"line":2289,"column":8},"end":{"line":2292,"column":11}},"920":{"start":{"line":2296,"column":4},"end":{"line":2296,"column":73}},"921":{"start":{"line":2296,"column":16},"end":{"line":2296,"column":73}},"922":{"start":{"line":2297,"column":4},"end":{"line":2297,"column":24}},"923":{"start":{"line":2301,"column":2},"end":{"line":2301,"column":37}},"924":{"start":{"line":2302,"column":2},"end":{"line":2302,"column":48}},"925":{"start":{"line":2303,"column":2},"end":{"line":2303,"column":44}},"926":{"start":{"line":2304,"column":2},"end":{"line":2304,"column":58}},"927":{"start":{"line":2305,"column":2},"end":{"line":2305,"column":44}},"928":{"start":{"line":2306,"column":2},"end":{"line":2306,"column":48}},"929":{"start":{"line":2307,"column":2},"end":{"line":2307,"column":46}},"930":{"start":{"line":2308,"column":2},"end":{"line":2308,"column":44}},"931":{"start":{"line":2309,"column":2},"end":{"line":2309,"column":48}},"932":{"start":{"line":2310,"column":2},"end":{"line":2310,"column":50}},"933":{"start":{"line":2311,"column":2},"end":{"line":2311,"column":31}},"934":{"start":{"line":2312,"column":2},"end":{"line":2312,"column":31}},"935":{"start":{"line":2313,"column":2},"end":{"line":2313,"column":52}},"936":{"start":{"line":2314,"column":2},"end":{"line":2314,"column":35}},"937":{"start":{"line":2315,"column":2},"end":{"line":2315,"column":31}},"938":{"start":{"line":2316,"column":2},"end":{"line":2316,"column":48}},"939":{"start":{"line":2317,"column":2},"end":{"line":2317,"column":56}},"940":{"start":{"line":2318,"column":2},"end":{"line":2318,"column":60}},"941":{"start":{"line":2321,"column":2},"end":{"line":2321,"column":55}},"942":{"start":{"line":2322,"column":2},"end":{"line":2322,"column":62}},"943":{"start":{"line":2323,"column":2},"end":{"line":2323,"column":58}},"944":{"start":{"line":2324,"column":2},"end":{"line":2324,"column":53}},"945":{"start":{"line":2346,"column":2},"end":{"line":2346,"column":27}},"946":{"start":{"line":2367,"column":2},"end":{"line":2367,"column":31}},"947":{"start":{"line":2378,"column":2},"end":{"line":2381,"column":3}},"948":{"start":{"line":2379,"column":4},"end":{"line":2379,"column":83}},"949":{"start":{"line":2380,"column":4},"end":{"line":2380,"column":14}},"950":{"start":{"line":2383,"column":17},"end":{"line":2383,"column":19}},"951":{"start":{"line":2386,"column":2},"end":{"line":2446,"column":3}},"952":{"start":{"line":2386,"column":15},"end":{"line":2386,"column":16}},"953":{"start":{"line":2387,"column":15},"end":{"line":2387,"column":28}},"954":{"start":{"line":2388,"column":15},"end":{"line":2388,"column":32}},"955":{"start":{"line":2391,"column":4},"end":{"line":2396,"column":5}},"956":{"start":{"line":2392,"column":6},"end":{"line":2395,"column":9}},"957":{"start":{"line":2399,"column":15},"end":{"line":2399,"column":26}},"958":{"start":{"line":2400,"column":15},"end":{"line":2400,"column":26}},"959":{"start":{"line":2401,"column":21},"end":{"line":2401,"column":49}},"960":{"start":{"line":2404,"column":4},"end":{"line":2411,"column":5}},"961":{"start":{"line":2406,"column":6},"end":{"line":2409,"column":9}},"962":{"start":{"line":2410,"column":6},"end":{"line":2410,"column":15}},"963":{"start":{"line":2414,"column":27},"end":{"line":2414,"column":54}},"964":{"start":{"line":2415,"column":22},"end":{"line":2415,"column":61}},"965":{"start":{"line":2416,"column":26},"end":{"line":2416,"column":27}},"966":{"start":{"line":2419,"column":4},"end":{"line":2436,"column":5}},"967":{"start":{"line":2419,"column":17},"end":{"line":2419,"column":18}},"968":{"start":{"line":2421,"column":25},"end":{"line":2421,"column":41}},"969":{"start":{"line":2422,"column":6},"end":{"line":2425,"column":7}},"970":{"start":{"line":2423,"column":20},"end":{"line":2423,"column":74}},"971":{"start":{"line":2424,"column":8},"end":{"line":2424,"column":34}},"972":{"start":{"line":2428,"column":6},"end":{"line":2428,"column":38}},"973":{"start":{"line":2429,"column":14},"end":{"line":2429,"column":53}},"974":{"start":{"line":2432,"column":6},"end":{"line":2435,"column":9}},"975":{"start":{"line":2439,"column":28},"end":{"line":2439,"column":54}},"976":{"start":{"line":2440,"column":4},"end":{"line":2445,"column":5}},"977":{"start":{"line":2441,"column":6},"end":{"line":2444,"column":9}},"978":{"start":{"line":2448,"column":2},"end":{"line":2448,"column":76}},"979":{"start":{"line":2448,"column":14},"end":{"line":2448,"column":76}},"980":{"start":{"line":2449,"column":2},"end":{"line":2449,"column":16}}},"fnMap":{"0":{"name":"(anonymous_0)","decl":{"start":{"line":6,"column":1},"end":{"line":6,"column":2}},"loc":{"start":{"line":6,"column":19},"end":{"line":2326,"column":1}},"line":6},"1":{"name":"(anonymous_1)","decl":{"start":{"line":104,"column":31},"end":{"line":104,"column":32}},"loc":{"start":{"line":104,"column":47},"end":{"line":111,"column":3}},"line":104},"2":{"name":"(anonymous_2)","decl":{"start":{"line":119,"column":29},"end":{"line":119,"column":30}},"loc":{"start":{"line":119,"column":45},"end":{"line":125,"column":3}},"line":119},"3":{"name":"(anonymous_3)","decl":{"start":{"line":141,"column":33},"end":{"line":141,"column":34}},"loc":{"start":{"line":141,"column":53},"end":{"line":167,"column":3}},"line":141},"4":{"name":"(anonymous_4)","decl":{"start":{"line":183,"column":4},"end":{"line":183,"column":5}},"loc":{"start":{"line":183,"column":39},"end":{"line":187,"column":5}},"line":183},"5":{"name":"(anonymous_5)","decl":{"start":{"line":203,"column":29},"end":{"line":203,"column":30}},"loc":{"start":{"line":203,"column":51},"end":{"line":213,"column":3}},"line":203},"6":{"name":"(anonymous_6)","decl":{"start":{"line":231,"column":27},"end":{"line":231,"column":28}},"loc":{"start":{"line":231,"column":39},"end":{"line":235,"column":3}},"line":231},"7":{"name":"overrideBeginShapeFunction","decl":{"start":{"line":238,"column":11},"end":{"line":238,"column":37}},"loc":{"start":{"line":238,"column":40},"end":{"line":267,"column":3}},"line":238},"8":{"name":"(anonymous_8)","decl":{"start":{"line":241,"column":24},"end":{"line":241,"column":25}},"loc":{"start":{"line":241,"column":40},"end":{"line":266,"column":5}},"line":241},"9":{"name":"overrideEndShapeFunction","decl":{"start":{"line":270,"column":11},"end":{"line":270,"column":35}},"loc":{"start":{"line":270,"column":38},"end":{"line":373,"column":3}},"line":270},"10":{"name":"(anonymous_10)","decl":{"start":{"line":273,"column":22},"end":{"line":273,"column":23}},"loc":{"start":{"line":273,"column":49},"end":{"line":372,"column":5}},"line":273},"11":{"name":"(anonymous_11)","decl":{"start":{"line":301,"column":43},"end":{"line":301,"column":44}},"loc":{"start":{"line":301,"column":51},"end":{"line":304,"column":11}},"line":301},"12":{"name":"(anonymous_12)","decl":{"start":{"line":361,"column":59},"end":{"line":361,"column":60}},"loc":{"start":{"line":361,"column":69},"end":{"line":365,"column":11}},"line":361},"13":{"name":"overrideVertexFunction","decl":{"start":{"line":376,"column":11},"end":{"line":376,"column":33}},"loc":{"start":{"line":376,"column":36},"end":{"line":405,"column":3}},"line":376},"14":{"name":"(anonymous_14)","decl":{"start":{"line":379,"column":20},"end":{"line":379,"column":21}},"loc":{"start":{"line":379,"column":50},"end":{"line":404,"column":5}},"line":379},"15":{"name":"(anonymous_15)","decl":{"start":{"line":415,"column":43},"end":{"line":415,"column":44}},"loc":{"start":{"line":415,"column":79},"end":{"line":447,"column":3}},"line":415},"16":{"name":"(anonymous_16)","decl":{"start":{"line":423,"column":36},"end":{"line":423,"column":37}},"loc":{"start":{"line":423,"column":44},"end":{"line":426,"column":5}},"line":423},"17":{"name":"overrideLineFunction","decl":{"start":{"line":454,"column":11},"end":{"line":454,"column":31}},"loc":{"start":{"line":454,"column":34},"end":{"line":471,"column":3}},"line":454},"18":{"name":"(anonymous_18)","decl":{"start":{"line":456,"column":18},"end":{"line":456,"column":19}},"loc":{"start":{"line":456,"column":44},"end":{"line":470,"column":5}},"line":456},"19":{"name":"overrideStrokeFunction","decl":{"start":{"line":478,"column":11},"end":{"line":478,"column":33}},"loc":{"start":{"line":478,"column":36},"end":{"line":538,"column":3}},"line":478},"20":{"name":"(anonymous_20)","decl":{"start":{"line":480,"column":20},"end":{"line":480,"column":21}},"loc":{"start":{"line":480,"column":32},"end":{"line":537,"column":5}},"line":480},"21":{"name":"overrideNoStrokeFunction","decl":{"start":{"line":545,"column":11},"end":{"line":545,"column":35}},"loc":{"start":{"line":545,"column":38},"end":{"line":553,"column":3}},"line":545},"22":{"name":"(anonymous_22)","decl":{"start":{"line":547,"column":22},"end":{"line":547,"column":23}},"loc":{"start":{"line":547,"column":34},"end":{"line":552,"column":5}},"line":547},"23":{"name":"overrideFillFunction","decl":{"start":{"line":560,"column":11},"end":{"line":560,"column":31}},"loc":{"start":{"line":560,"column":34},"end":{"line":616,"column":3}},"line":560},"24":{"name":"(anonymous_24)","decl":{"start":{"line":562,"column":18},"end":{"line":562,"column":19}},"loc":{"start":{"line":562,"column":30},"end":{"line":615,"column":5}},"line":562},"25":{"name":"overrideNoFillFunction","decl":{"start":{"line":623,"column":11},"end":{"line":623,"column":33}},"loc":{"start":{"line":623,"column":36},"end":{"line":632,"column":3}},"line":623},"26":{"name":"(anonymous_26)","decl":{"start":{"line":625,"column":20},"end":{"line":625,"column":21}},"loc":{"start":{"line":625,"column":32},"end":{"line":631,"column":5}},"line":625},"27":{"name":"overrideStrokeWeightFunction","decl":{"start":{"line":639,"column":11},"end":{"line":639,"column":39}},"loc":{"start":{"line":639,"column":42},"end":{"line":653,"column":3}},"line":639},"28":{"name":"(anonymous_28)","decl":{"start":{"line":642,"column":26},"end":{"line":642,"column":27}},"loc":{"start":{"line":642,"column":44},"end":{"line":652,"column":5}},"line":642},"29":{"name":"overrideEllipseFunction","decl":{"start":{"line":660,"column":11},"end":{"line":660,"column":34}},"loc":{"start":{"line":660,"column":37},"end":{"line":768,"column":3}},"line":660},"30":{"name":"(anonymous_30)","decl":{"start":{"line":662,"column":21},"end":{"line":662,"column":22}},"loc":{"start":{"line":662,"column":43},"end":{"line":767,"column":5}},"line":662},"31":{"name":"overridePointFunction","decl":{"start":{"line":775,"column":11},"end":{"line":775,"column":32}},"loc":{"start":{"line":775,"column":35},"end":{"line":800,"column":3}},"line":775},"32":{"name":"(anonymous_32)","decl":{"start":{"line":777,"column":19},"end":{"line":777,"column":20}},"loc":{"start":{"line":777,"column":35},"end":{"line":799,"column":5}},"line":777},"33":{"name":"overrideRectFunction","decl":{"start":{"line":807,"column":11},"end":{"line":807,"column":31}},"loc":{"start":{"line":807,"column":34},"end":{"line":858,"column":3}},"line":807},"34":{"name":"(anonymous_34)","decl":{"start":{"line":809,"column":18},"end":{"line":809,"column":19}},"loc":{"start":{"line":809,"column":40},"end":{"line":857,"column":5}},"line":809},"35":{"name":"overrideP5Functions","decl":{"start":{"line":864,"column":11},"end":{"line":864,"column":30}},"loc":{"start":{"line":864,"column":33},"end":{"line":878,"column":3}},"line":864},"36":{"name":"restoreP5Functions","decl":{"start":{"line":884,"column":11},"end":{"line":884,"column":29}},"loc":{"start":{"line":884,"column":32},"end":{"line":898,"column":3}},"line":884},"37":{"name":"(anonymous_37)","decl":{"start":{"line":919,"column":27},"end":{"line":919,"column":28}},"loc":{"start":{"line":919,"column":70},"end":{"line":927,"column":3}},"line":919},"38":{"name":"(anonymous_38)","decl":{"start":{"line":936,"column":35},"end":{"line":936,"column":36}},"loc":{"start":{"line":936,"column":55},"end":{"line":939,"column":3}},"line":936},"39":{"name":"(anonymous_39)","decl":{"start":{"line":948,"column":33},"end":{"line":948,"column":34}},"loc":{"start":{"line":948,"column":53},"end":{"line":951,"column":3}},"line":948},"40":{"name":"(anonymous_40)","decl":{"start":{"line":970,"column":29},"end":{"line":970,"column":30}},"loc":{"start":{"line":970,"column":45},"end":{"line":972,"column":3}},"line":970},"41":{"name":"convertLineToStitches","decl":{"start":{"line":984,"column":11},"end":{"line":984,"column":32}},"loc":{"start":{"line":984,"column":87},"end":{"line":1027,"column":3}},"line":984},"42":{"name":"convertPathToStitches","decl":{"start":{"line":1036,"column":11},"end":{"line":1036,"column":32}},"loc":{"start":{"line":1036,"column":83},"end":{"line":1074,"column":3}},"line":1036},"43":{"name":"zigzagStitch","decl":{"start":{"line":1087,"column":11},"end":{"line":1087,"column":23}},"loc":{"start":{"line":1087,"column":56},"end":{"line":1147,"column":3}},"line":1087},"44":{"name":"straightLineStitch","decl":{"start":{"line":1160,"column":11},"end":{"line":1160,"column":29}},"loc":{"start":{"line":1160,"column":84},"end":{"line":1211,"column":3}},"line":1160},"45":{"name":"zigzagStitchFromPath","decl":{"start":{"line":1220,"column":11},"end":{"line":1220,"column":31}},"loc":{"start":{"line":1220,"column":60},"end":{"line":1240,"column":3}},"line":1220},"46":{"name":"multiLineStitch","dec
[...]
d":{"line":415,"column":5}},"202":{"start":{"line":405,"column":6},"end":{"line":414,"column":9}},"203":{"start":{"line":418,"column":17},"end":{"line":418,"column":42}},"204":{"start":{"line":420,"column":6},"end":{"line":431,"column":19}},"205":{"start":{"line":434,"column":4},"end":{"line":436,"column":5}},"206":{"start":{"line":434,"column":17},"end":{"line":434,"column":18}},"207":{"start":{"line":435,"column":6},"end":{"line":435,"column":45}},"208":{"start":{"line":437,"column":4},"end":{"line":437,"column":39}},"209":{"start":{"line":440,"column":4},"end":{"line":440,"column":53}},"210":{"start":{"line":444,"column":15},"end":{"line":444,"column":69}},"211":{"start":{"line":445,"column":15},"end":{"line":445,"column":42}},"212":{"start":{"line":446,"column":4},"end":{"line":446,"column":42}},"213":{"start":{"line":447,"column":4},"end":{"line":447,"column":29}},"214":{"start":{"line":450,"column":4},"end":{"line":460,"column":6}},"215":{"start":{"line":452,"column":6},"end":{"line":452,"column":47}},"216":{"start":{"line":452,"column":23},"end":{"line":452,"column":41}},"217":{"start":{"line":456,"column":6},"end":{"line":459,"column":14}},"218":{"start":{"line":457,"column":8},"end":{"line":457,"column":39}},"219":{"start":{"line":458,"column":8},"end":{"line":458,"column":40}},"220":{"start":{"line":462,"column":4},"end":{"line":462,"column":36}},"221":{"start":{"line":463,"column":4},"end":{"line":463,"column":17}},"222":{"start":{"line":474,"column":18},"end":{"line":474,"column":49}},"223":{"start":{"line":475,"column":4},"end":{"line":475,"column":38}},"224":{"start":{"line":476,"column":4},"end":{"line":478,"column":5}},"225":{"start":{"line":477,"column":6},"end":{"line":477,"column":37}},"226":{"start":{"line":483,"column":0},"end":{"line":487,"column":1}},"227":{"start":{"line":484,"column":2},"end":{"line":484,"column":32}},"228":{"start":{"line":485,"column":7},"end":{"line":487,"column":1}},"229":{"start":{"line":486,"column":2},"end":{"line":486,"column":31}}},"fnMap":{"0":{"name":"(anonymous_0)","decl":{"start":{"line":10,"column":2},"end":{"line":10,"column":3}},"loc":{"start":{"line":10,"column":16},"end":{"line":19,"column":3}},"line":10},"1":{"name":"(anonymous_1)","decl":{"start":{"line":26,"column":2},"end":{"line":26,"column":3}},"loc":{"start":{"line":26,"column":9},"end":{"line":28,"column":3}},"line":26},"2":{"name":"(anonymous_2)","decl":{"start":{"line":30,"column":2},"end":{"line":30,"column":3}},"loc":{"start":{"line":30,"column":27},"end":{"line":147,"column":3}},"line":30},"3":{"name":"(anonymous_3)","decl":{"start":{"line":149,"column":2},"end":{"line":149,"column":3}},"loc":{"start":{"line":149,"column":38},"end":{"line":198,"column":3}},"line":149},"4":{"name":"(anonymous_4)","decl":{"start":{"line":200,"column":2},"end":{"line":200,"column":3}},"loc":{"start":{"line":200,"column":30},"end":{"line":245,"column":3}},"line":200},"5":{"name":"(anonymous_5)","decl":{"start":{"line":208,"column":39},"end":{"line":208,"column":40}},"loc":{"start":{"line":208,"column":46},"end":{"line":208,"column":52}},"line":208},"6":{"name":"(anonymous_6)","decl":{"start":{"line":247,"column":2},"end":{"line":247,"column":3}},"loc":{"start":{"line":247,"column":29},"end":{"line":441,"column":3}},"line":247},"7":{"name":"(anonymous_7)","decl":{"start":{"line":290,"column":41},"end":{"line":290,"column":42}},"loc":{"start":{"line":290,"column":52},"end":{"line":308,"column":5}},"line":290},"8":{"name":"(anonymous_8)","decl":{"start":{"line":443,"column":2},"end":{"line":443,"column":3}},"loc":{"start":{"line":443,"column":28},"end":{"line":464,"column":3}},"line":443},"9":{"name":"(anonymous_9)","decl":{"start":{"line":450,"column":19},"end":{"line":450,"column":20}},"loc":{"start":{"line":450,"column":32},"end":{"line":460,"column":5}},"line":450},"10":{"name":"(anonymous_10)","decl":{"start":{"line":452,"column":17},"end":{"line":452,"column":18}},"loc":{"start":{"line":452,"column":23},"end":{"line":452,"column":41}},"line":452},"11":{"name":"(anonymous_11)","decl":{"start":{"line":456,"column":17},"end":{"line":456,"column":18}},"loc":{"start":{"line":456,"column":23},"end":{"line":459,"column":7}},"line":456},"12":{"name":"(anonymous_12)","decl":{"start":{"line":473,"column":2},"end":{"line":473,"column":3}},"loc":{"start":{"line":473,"column":35},"end":{"line":479,"column":3}},"line":473}},"branchMap":{"0":{"loc":{"start":{"line":31,"column":4},"end":{"line":44,"column":5}},"type":"if","locations":[{"start":{"line":31,"column":4},"end":{"line":44,"column":5}},{"start":{},"end":{}}],"line":31},"1":{"loc":{"start":{"line":36,"column":10},"end":{"line":42,"column":22}},"type":"cond-expr","locations":[{"start":{"line":37,"column":14},"end":{"line":37,"column":20}},{"start":{"line":38,"column":14},"end":{"line":42,"column":22}}],"line":36},"2":{"loc":{"start":{"line":38,"column":14},"end":{"line":42,"column":22}},"type":"cond-expr","locations":[{"start":{"line":39,"column":16},"end":{"line":39,"column":24}},{"start":{"line":40,"column":16},"end":{"line":42,"column":22}}],"line":38},"3":{"loc":{"start":{"line":40,"column":16},"end":{"line":42,"column":22}},"type":"cond-expr","locations":[{"start":{"line":41,"column":18},"end":{"line":41,"column":32}},{"start":{"line":42,"column":18},"end":{"line":42,"column":22}}],"line":40},"4":{"loc":{"start":{"line":51,"column":4},"end":{"line":145,"column":5}},"type":"switch","locations":[{"start":{"line":52,"column":6},"end":{"line":53,"column":26}},{"start":{"line":55,"column":6},"end":{"line":138,"column":14}},{"start":{"line":139,"column":6},"end":{"line":141,"column":14}},{"start":{"line":142,"column":6},"end":{"line":144,"column":14}}],"line":51},"5":{"loc":{"start":{"line":58,"column":8},"end":{"line":61,"column":9}},"type":"if","locations":[{"start":{"line":58,"column":8},"end":{"line":61,"column":9}},{"start":{},"end":{}}],"line":58},"6":{"loc":{"start":{"line":62,"column":8},"end":{"line":65,"column":9}},"type":"if","locations":[{"start":{"line":62,"column":8},"end":{"line":65,"column":9}},{"start":{},"end":{}}],"line":62},"7":{"loc":{"start":{"line":66,"column":8},"end":{"line":69,"column":9}},"type":"if","locations":[{"start":{"line":66,"column":8},"end":{"line":69,"column":9}},{"start":{},"end":{}}],"line":66},"8":{"loc":{"start":{"line":70,"column":8},"end":{"line":73,"column":9}},"type":"if","locations":[{"start":{"line":70,"column":8},"end":{"line":73,"column":9}},{"start":{},"end":{}}],"line":70},"9":{"loc":{"start":{"line":74,"column":8},"end":{"line":77,"column":9}},"type":"if","locations":[{"start":{"line":74,"column":8},"end":{"line":77,"column":9}},{"start":{},"end":{}}],"line":74},"10":{"loc":{"start":{"line":78,"column":8},"end":{"line":81,"column":9}},"type":"if","locations":[{"start":{"line":78,"column":8},"end":{"line":81,"column":9}},{"start":{},"end":{}}],"line":78},"11":{"loc":{"start":{"line":82,"column":8},"end":{"line":85,"column":9}},"type":"if","locations":[{"start":{"line":82,"column":8},"end":{"line":85,"column":9}},{"start":{},"end":{}}],"line":82},"12":{"loc":{"start":{"line":86,"column":8},"end":{"line":89,"column":9}},"type":"if","locations":[{"start":{"line":86,"column":8},"end":{"line":89,"column":9}},{"start":{},"end":{}}],"line":86},"13":{"loc":{"start":{"line":90,"column":8},"end":{"line":93,"column":9}},"type":"if","locations":[{"start":{"line":90,"column":8},"end":{"line":93,"column":9}},{"start":{},"end":{}}],"line":90},"14":{"loc":{"start":{"line":94,"column":8},"end":{"line":97,"column":9}},"type":"if","locations":[{"start":{"line":94,"column":8},"end":{"line":97,"column":9}},{"start":{},"end":{}}],"line":94},"15":{"loc":{"start":{"line":98,"column":8},"end":{"line":101,"column":9}},"type":"if","locations":[{"start":{"line":98,"column":8},"end":{"line":101,"column":9}},{"start":{},"end":{}}],"line":98},"16":{"loc":{"start":{"line":102,"column":8},"end":{"line":105,"column":9}},"type":"if","locations":[{"start":{"line":102,"column":8},"end":{"line":105,"column":9}},{"start":{},"end":{}}],"line":102},"17":{"loc":{"start":{"line":106,"column":8},"end":{"line":109,"column":9}},"type":"if","locations":[{"start":{"line":106,"column":8},"end":{"line":109,"column":9}},{"start":{},"end":{}}],"line":106},"18":{"loc":{"start":{"line":110,"column":8},"end":{"line":113,"column":9}},"type":"if","locations":[{"start":{"line":110,"column":8},"end":{"line":113,"column":9}},{"start":{},"end":{}}],"line":110},"19":{"loc":{"start":{"line":114,"column":8},"end":{"line":117,"column":9}},"type":"if","locations":[{"start":{"line":114,"column":8},"end":{"line":117,"column":9}},{"start":{},"end":{}}],"line":114},"20":{"loc":{"start":{"line":118,"column":8},"end":{"line":121,"column":9}},"type":"if","locations":[{"start":{"line":118,"column":8},"end":{"line":121,"column":9}},{"start":{},"end":{}}],"line":118},"21":{"loc":{"start":{"line":122,"column":8},"end":{"line":125,"column":9}},"type":"if","locations":[{"start":{"line":122,"column":8},"end":{"line":125,"column":9}},{"start":{},"end":{}}],"line":122},"22":{"loc":{"start":{"line":126,"column":8},"end":{"line":129,"column":9}},"type":"if","locations":[{"start":{"line":126,"column":8},"end":{"line":129,"column":9}},{"start":{},"end":{}}],"line":126},"23":{"loc":{"start":{"line":130,"column":8},"end":{"line":133,"column":9}},"type":"if","locations":[{"start":{"line":130,"column":8},"end":{"line":133,"column":9}},{"start":{},"end":{}}],"line":130},"24":{"loc":{"start":{"line":134,"column":8},"end":{"line":137,"column":9}},"type":"if","locations":[{"start":{"line":134,"column":8},"end":{"line":137,"column":9}},{"start":{},"end":{}}],"line":134},"25":{"loc":{"start":{"line":149,"column":13},"end":{"line":149,"column":36}},"type":"default-arg","locations":[{"start":{"line":149,"column":20},"end":{"line":149,"column":36}}],"line":149},"26":{"loc":{"start":{"line":150,"column":4},"end":{"line":197,"column":5}},"type":"if","locations":[{"start":{"line":150,"column":4},"end":{"line":197,"column":5}},{"start":{},"end":{}}],"line":150},"27":{"loc":{"start":{"line":150,"column":8},"end":{"line":150,"column":32}},"type":"binary-expr","locations":[{"start":{"line":150,"column":8},"end":{"line":150,"column":18}},{"start":{"line":150,"column":22},"end":{"line":150,"column":32}}],"line":150},"28":{"loc":{"start":{"line":151,"column":6},"end":{"line":158,"column":7}},"type":"if","locations":[{"start":{"line":151,"column":6},"end":{"line":158,"column":7}},{"start":{},"end":{}}],"line":151},"29":{"loc":{"start":{"line":155,"column":16},"end":{"line":155,"column":94}},"type":"cond-expr","locations":[{"start":{"line":155,"column":42},"end":{"line":155,"column":48}},{"start":{"line":155,"column":51},"end":{"line":155,"column":94}}],"line":155},"30":{"loc":{"start":{"line":155,"column":51},"end":{"line":155,"column":94}},"type":"cond-expr","locations":[{"start":{"line":155,"column":79},"end":{"line":155,"column":87}},{"start":{"line":155,"column":90},"end":{"line":155,"column":94}}],"line":155},"31":{"loc":{"start":{"line":163,"column":13},"end":{"line":163,"column":53}},"type":"binary-expr","locations":[{"start":{"line":163,"column":13},"end":{"line":163,"column":31}},{"start":{"line":163,"column":35},"end":{"line":163,"column":53}}],"line":163},"32":{"loc":{"start":{"line":164,"column":20},"end":{"line":164,"column":67}},"type":"cond-expr","locations":[{"start":{"line":164,"column":29},"end":{"line":164,"column":46}},{"start":{"line":164,"column":49},"end":{"line":164,"column":67}}],"line":164},"33":{"loc":{"start":{"line":165,"column":20},"end":{"line":165,"column":67}},"type":"cond-expr","locations":[{"start":{"line":165,"column":29},"end":{"line":165,"column":46}},{"start":{"line":165,"column":49},"end":{"line":165,"column":67}}],"line":165},"34":{"loc":{"start":{"line":177,"column":6},"end":{"line":183,"column":7}},"type":"if","locations":[{"start":{"line":177,"column":6},"end":{"line":183,"column":7}},{"start":{},"end":{}}],"line":177},"35":{"loc":{"start":{"line":177,"column":10},"end":{"line":177,"column":30}},"type":"binary-expr","locations":[{"start":{"line":177,"column":10},"end":{"line":177,"column":18}},{"start":{"line":177,"column":22},"end":{"line":177,"column":30}}],"line":177},"36":{"loc":{"start":{"line":190,"column":6},"end":{"line":196,"column":7}},"type":"if","locations":[{"start":{"line":190,"column":6},"end":{"line":196,"column":7}},{"start":{},"end":{}}],"line":190},"37":{"loc":{"start":{"line":207,"column":4},"end":{"line":212,"column":5}},"type":"if","locations":[{"start":{"line":207,"column":4},"end":{"line":212,"column":5}},{"start":{},"end":{}}],"line":207},"38":{"loc":{"start":{"line":209,"column":6},"end":{"line":211,"column":7}},"type":"if","locations":[{"start":{"line":209,"column":6},"end":{"line":211,"column":7}},{"start":{},"end":{}}],"line":209},"39":{"loc":{"start":{"line":237,"column":4},"end":{"line":242,"column":5}},"type":"if","locations":[{"start":{"line":237,"column":4},"end":{"line":242,"column":5}},{"start":{},"end":{}}],"line":237},"40":{"loc":{"start":{"line":248,"column":4},"end":{"line":254,"column":5}},"type":"if","locations":[{"start":{"line":248,"column":4},"end":{"line":254,"column":5}},{"start":{},"end":{}}],"line":248},"41":{"loc":{"start":{"line":269,"column":4},"end":{"line":271,"column":5}},"type":"if","locations":[{"start":{"line":269,"column":4},"end":{"line":271,"column":5}},{"start":{},"end":{}}],"line":269},"42":{"loc":{"start":{"line":277,"column":4},"end":{"line":288,"column":5}},"type":"if","locations":[{"start":{"line":277,"column":4},"end":{"line":288,"column":5}},{"start":{},"end":{}}],"line":277},"43":{"loc":{"start":{"line":299,"column":6},"end":{"line":305,"column":7}},"type":"if","locations":[{"start":{"line":299,"column":6},"end":{"line":305,"column":7}},{"start":{},"end":{}}],"line":299},"44":{"loc":{"start":{"line":299,"column":10},"end":{"line":299,"column":34}},"type":"binary-expr","locations":[{"start":{"line":299,"column":10},"end":{"line":299,"column":20}},{"start":{"line":299,"column":24},"end":{"line":299,"column":34}}],"line":299},"45":{"loc":{"start":{"line":310,"column":4},"end":{"line":317,"column":5}},"type":"if","locations":[{"start":{"line":310,"column":4},"end":{"line":317,"column":5}},{"start":{},"end":{}}],"line":310},"46":{"loc":{"start":{"line":321,"column":4},"end":{"line":323,"column":5}},"type":"if","locations":[{"start":{"line":321,"column":4},"end":{"line":323,"column":5}},{"start":{},"end":{}}],"line":321},"47":{"loc":{"start":{"line":328,"column":6},"end":{"line":330,"column":7}},"type":"if","locations":[{"start":{"line":328,"column":6},"end":{"line":330,"column":7}},{"start":{},"end":{}}],"line":328},"48":{"loc":{"start":{"line":333,"column":6},"end":{"line":342,"column":7}},"type":"if","locations":[{"start":{"line":333,"column":6},"end":{"line":342,"column":7}},{"start":{},"end":{}}],"line":333},"49":{"loc":{"start":{"line":334,"column":8},"end":{"line":336,"column":9}},"type":"if","locations":[{"start":{"line":334,"column":8},"end":{"line":336,"column":9}},{"start":{},"end":{}}],"line":334},"50":{"loc":{"start":{"line":345,"column":6},"end":{"line":386,"column":7}},"type":"if","locations":[{"start":{"line":345,"column":6},"end":{"line":386,"column":7}},{"start":{},"end":{}}],"line":345},"51":{"loc":{"start":{"line":346,"column":8},"end":{"line":351,"column":9}},"type":"if","locations":[{"start":{"line":346,"column":8},"end":{"line":351,"column":9}},{"start":{},"end":{}}],"line":346},"52":{"loc":{"start":{"line":357,"column":8},"end":{"line":362,"column":9}},"type":"if","locations":[{"start":{"line":357,"column":8},"end":{"line":362,"column":9}},{"start":{},"end":{}}],"line":357},"53":{"loc":{"start":{"line":389,"column":19},"end":{"line":389,"column":76}},"type":"cond-expr","locations":[{"start":{"line":389,"column":43},"end":{"line":389,"column":57}},{"start":{"line":389,"column":60},"end":{"line":389,"column":76}}],"line":389},"54":{"loc":{"start":{"line":389,"column":19},"end":{"line":389,"column":40}},"type":"binary-expr","locations":[{"start":{"line":389,"column":19},"end":{"line":389,"column":26}},{"start":{"line":389,"column":30},"end":{"line":389,"column":40}}],"line":389},"55":{"loc":{"start":{"line":392,"column":6},"end":{"line":398,"column":7}},"type":"if","locations":[{"start":{"line":392,"column":6},"end":{"line":398,"column":7}},{"start":{},"end":{}}],"line":392},"56":{"loc":{"start":{"line":396,"column":16},"end":{"line":396,"column":59}},"type":"cond-expr","locations":[{"start":{"line":396,"column":42},"end":{"line":396,"column":48}},{"start":{"line":396,"column":51},"end":{"line":396,"column":59}}],"line":396},"57":{"loc":{"start":{"line":404,"column":4},"end":{"line":415,"column":5}},"type":"if","locations":[{"start":{"line":404,"column":4},"end":{"line":415,"column":5}},{"start":{},"end":{}}],"line":404},"58":{"loc":{"start":{"line":476,"column":4},"end":{"line":478,"column":5}},"type":"if","locations":[{"start":{"line":476,"column":4},"end":{"line":478,"column":5}},{"start":{},"end":{}}],"line":476},"59":{"loc":{"start":{"line":483,"column":0},"end":{"line":487,"column":1}},"type":"if","locations":[{"start":{"line":483,"column":0},"end":{"line":487,"column":1}},{"start":{"line":485,"column":7},"end":{"line":487,"column":1}}],"line":483},"60":{"loc":{"start":{"line":485,"column":7},"end":{"line":487,"column":1}},"type":"if","locations":[{"start":{"line":485,"column":7},"end":{"line":487,"column":1}},{"start":{},"end":{}}],"line":485}},"s":{"0":0,"1":0,"2":0,"3":0,"4":0,"5":0,"6":0,"7":0,"8":0,"9":0,"10":0,"11":0,"12":0,"13":0,"14":0,"15":0,"16":0,"17":0,"18":0,"19":0,"20":0,"21":0,"22":0,"23":0,"24":0,"25":0,"26":0,"27":0,"28":0,"29":0,"30":0,"31":0,"32":0,"33":0,"34":0,"35":0,"36":0,"37":0,"38":0,"39":0,"40":0,"41":0,"42":0,"43":0,"44":0,"45":0,"46":0,"47":0,"48":0,"49":0,"50":0,"51":0,"52":0,"53":0,"54":0,"55":0,"56":0,"57":0,"58":0,"59":0,"60":0,"61":0,"62":0,"63":0,"64":0,"65":0,"66":0,"67":0,"68":0,"69":0,"70":0,"71":0,"72":0,"73":0,"74":0,"75":0,"76":0,"77":0,"78":0,"79":0,"80":0,"81":0,"82":0,"83":0,"84":0,"85":0,"86":0,"87":0,"88":0,"89":0,"90":0,"91":0,"92":0,"93":0,"94":0,"95":0,"96":0,"97":0,"98":0,"99":0,"100":0,"101":0,"102":0,"103":0,"104":0,"105":0,"106":0,"107":0,"108":0,"109":0,"110":0,"111":0,"112":0,"113":0,"114":0,"115":0,"116":0,"117":0,"118":0,"119":0,"120":0,"121":0,"122":0,"123":0,"124":0,"125":0,"126":0,"127":0,"128":0,"129":0,"130":0,"131":0,"132":0,"133":0,"134":0,"135":0,"136":0,"137":0,"138":0,"139":0,"140":0,"141":0,"142":0,"143":0,"144":0,"145":0,"146":0,"147":0,"148":0,"149":0,"150":0,"151":0,"152":0,"153":0,"154":0,"155":0,"156":0,"157":0,"158":0,"159":0,"160":0,"161":0,"162":0,"163":0,"164":0,"165":0,"166":0,"167":0,"168":0,"169":0,"170":0,"171":0,"172":0,"173":0,"174":0,"175":0,"176":0,"177":0,"178":0,"179":0,"180":0,"181":0,"182":0,"183":0,"184":0,"185":0,"186":0,"187":0,"188":0,"189":0,"190":0,"191":0,"192":0,"193":0,"194":0,"195":0,"196":0,"197":0,"198":0,"199":0,"200":0,"201":0,"202":0,"203":0,"204":0,"205":0,"206":0,"207":0,"208":0,"209":0,"210":0,"211":0,"212":0,"213":0,"214":0,"215":0,"216":0,"217":0,"218":0,"219":0,"220":0,"221":0,"222":0,"223":0,"224":0,"225":0,"226":0,"227":0,"228":0,"229":0},"f":{"0":0,"1":0,"2":0,"3":0,"4":0,"5":0,"6":0,"7":0,"8":0,"9":0,"10":0,"11":0,"12":0},"b":{"0":[0,0],"1":[0,0],"2":[0,0],"3":[0,0],"4":[0,0,0,0],"5":[0,0],"6":[0,0],"7":[0,0],"8":[0,0],"9":[0,0],"10":[0,0],"11":[0,0],"12":[0,0],"13":[0,0],"14":[0,0],"15":[0,0],"16":[0,0],"17":[0,0],"18":[0,0],"19":[0,0],"20":[0,0],"21":[0,0],"22":[0,0],"23":[0,0],"24":[0,0],"25":[0],"26":[0,0],"27":[0,0],"28":[0,0],"29":[0,0],"30":[0,0],"31":[0,0],"32":[0,0],"33":[0,0],"34":[0,0],"35":[0,0],"36":[0,0],"37":[0,0],"38":[0,0],"39":[0,0],"40":[0,0],"41":[0,0],"42":[0,0],"43":[0,0],"44":[0,0],"45":[0,0],"46":[0,0],"47":[0,0],"48":[0,0],"49":[0,0],"50":[0,0],"51":[0,0],"52":[0,0],"53":[0,0],"54":[0,0],"55":[0,0],"56":[0,0],"57":[0,0],"58":[0,0],"59":[0,0],"60":[0,0]}}
}
