TN:
SF:src/p5.embroider.js
FN:6,(anonymous_0)
FN:104,(anonymous_1)
FN:119,(anonymous_2)
FN:141,(anonymous_3)
FN:183,(anonymous_4)
FN:203,(anonymous_5)
FN:231,(anonymous_6)
FN:238,overrideBeginShapeFunction
FN:241,(anonymous_8)
FN:270,overrideEndShapeFunction
FN:273,(anonymous_10)
FN:301,(anonymous_11)
FN:361,(anonymous_12)
FN:376,overrideVertexFunction
FN:379,(anonymous_14)
FN:415,(anonymous_15)
FN:423,(anonymous_16)
FN:454,overrideLineFunction
FN:456,(anonymous_18)
FN:478,overrideStrokeFunction
FN:480,(anonymous_20)
FN:545,overrideNoStrokeFunction
FN:547,(anonymous_22)
FN:560,overrideFillFunction
FN:562,(anonymous_24)
FN:623,overrideNoFillFunction
FN:625,(anonymous_26)
FN:639,overrideStrokeWeightFunction
FN:642,(anonymous_28)
FN:660,overrideEllipseFunction
FN:662,(anonymous_30)
FN:775,overridePointFunction
FN:777,(anonymous_32)
FN:807,overrideRectFunction
FN:809,(anonymous_34)
FN:864,overrideP5Functions
FN:884,restoreP5Functions
FN:919,(anonymous_37)
FN:936,(anonymous_38)
FN:948,(anonymous_39)
FN:970,(anonymous_40)
FN:984,convertLineToStitches
FN:1036,convertPathToStitches
FN:1087,zigzagStitch
FN:1160,straightLineStitch
FN:1220,zigzagStitchFromPath
FN:1242,multiLineStitch
FN:1258,multiLineStitchFromPath
FN:1357,sashikoStitch
FN:1373,sashikoStitchFromPath
FN:1457,(anonymous_50)
FN:1488,(anonymous_51)
FN:1531,(anonymous_52)
FN:1544,(anonymous_53)
FN:1656,(anonymous_54)
FN:1722,drawStitches
FN:1831,createTatamiFill
FN:1853,(anonymous_57)
FN:1859,(anonymous_58)
FN:1860,(anonymous_59)
FN:1861,(anonymous_60)
FN:1862,(anonymous_61)
FN:1891,getPathBounds
FN:1892,(anonymous_63)
FN:1893,(anonymous_64)
FN:1907,createTatamiFillFromPath
FN:1939,(anonymous_66)
FN:1969,createOptimizedStitchPaths
FN:2047,optimizeRegionStitchOrder
FN:2141,findValidSegments
FN:2167,pointInPolygon
FN:2186,segmentIntersectPolygon
FN:2215,lineLineIntersection
FN:2249,createZigzagFromPath
FN:2345,mmToPixel
FN:2366,pixelToMm
FN:2377,straightLineStitchFromPath
FNF:77
FNH:0
FNDA:0,(anonymous_0)
FNDA:0,(anonymous_1)
FNDA:0,(anonymous_2)
FNDA:0,(anonymous_3)
FNDA:0,(anonymous_4)
FNDA:0,(anonymous_5)
FNDA:0,(anonymous_6)
FNDA:0,overrideBeginShapeFunction
FNDA:0,(anonymous_8)
FNDA:0,overrideEndShapeFunction
FNDA:0,(anonymous_10)
FNDA:0,(anonymous_11)
FNDA:0,(anonymous_12)
FNDA:0,overrideVertexFunction
FNDA:0,(anonymous_14)
FNDA:0,(anonymous_15)
FNDA:0,(anonymous_16)
FNDA:0,overrideLineFunction
FNDA:0,(anonymous_18)
FNDA:0,overrideStrokeFunction
FNDA:0,(anonymous_20)
FNDA:0,overrideNoStrokeFunction
FNDA:0,(anonymous_22)
FNDA:0,overrideFillFunction
FNDA:0,(anonymous_24)
FNDA:0,overrideNoFillFunction
FNDA:0,(anonymous_26)
FNDA:0,overrideStrokeWeightFunction
FNDA:0,(anonymous_28)
FNDA:0,overrideEllipseFunction
FNDA:0,(anonymous_30)
FNDA:0,overridePointFunction
FNDA:0,(anonymous_32)
FNDA:0,overrideRectFunction
FNDA:0,(anonymous_34)
FNDA:0,overrideP5Functions
FNDA:0,restoreP5Functions
FNDA:0,(anonymous_37)
FNDA:0,(anonymous_38)
FNDA:0,(anonymous_39)
FNDA:0,(anonymous_40)
FNDA:0,convertLineToStitches
FNDA:0,convertPathToStitches
FNDA:0,zigzagStitch
FNDA:0,straightLineStitch
FNDA:0,zigzagStitchFromPath
FNDA:0,multiLineStitch
FNDA:0,multiLineStitchFromPath
FNDA:0,sashikoStitch
FNDA:0,sashikoStitchFromPath
FNDA:0,(anonymous_50)
FNDA:0,(anonymous_51)
FNDA:0,(anonymous_52)
FNDA:0,(anonymous_53)
FNDA:0,(anonymous_54)
FNDA:0,drawStitches
FNDA:0,createTatamiFill
FNDA:0,(anonymous_57)
FNDA:0,(anonymous_58)
FNDA:0,(anonymous_59)
FNDA:0,(anonymous_60)
FNDA:0,(anonymous_61)
FNDA:0,getPathBounds
FNDA:0,(anonymous_63)
FNDA:0,(anonymous_64)
FNDA:0,createTatamiFillFromPath
FNDA:0,(anonymous_66)
FNDA:0,createOptimizedStitchPaths
FNDA:0,optimizeRegionStitchOrder
FNDA:0,findValidSegments
FNDA:0,pointInPolygon
FNDA:0,segmentIntersectPolygon
FNDA:0,lineLineIntersection
FNDA:0,createZigzagFromPath
FNDA:0,mmToPixel
FNDA:0,pixelToMm
FNDA:0,straightLineStitchFromPath
DA:4,0
DA:6,0
DA:7,0
DA:11,0
DA:12,0
DA:13,0
DA:22,0
DA:23,0
DA:24,0
DA:25,0
DA:26,0
DA:27,0
DA:28,0
DA:29,0
DA:31,0
DA:32,0
DA:35,0
DA:48,0
DA:56,0
DA:62,0
DA:63,0
DA:65,0
DA:66,0
DA:67,0
DA:68,0
DA:81,0
DA:104,0
DA:105,0
DA:106,0
DA:107,0
DA:109,0
DA:119,0
DA:120,0
DA:121,0
DA:123,0
DA:141,0
DA:142,0
DA:143,0
DA:145,0
DA:146,0
DA:148,0
DA:149,0
DA:151,0
DA:152,0
DA:155,0
DA:156,0
DA:158,0
DA:159,0
DA:161,0
DA:162,0
DA:164,0
DA:165,0
DA:184,0
DA:185,0
DA:186,0
DA:203,0
DA:204,0
DA:205,0
DA:207,0
DA:208,0
DA:209,0
DA:210,0
DA:211,0
DA:212,0
DA:231,0
DA:232,0
DA:233,0
DA:239,0
DA:241,0
DA:242,0
DA:243,0
DA:252,0
DA:254,0
DA:257,0
DA:258,0
DA:260,0
DA:261,0
DA:264,0
DA:271,0
DA:273,0
DA:274,0
DA:275,0
DA:276,0
DA:278,0
DA:279,0
DA:280,0
DA:281,0
DA:282,0
DA:284,0
DA:285,0
DA:286,0
DA:287,0
DA:289,0
DA:290,0
DA:291,0
DA:294,0
DA:296,0
DA:297,0
DA:299,0
DA:301,0
DA:305,0
DA:306,0
DA:309,0
DA:310,0
DA:317,0
DA:320,0
DA:321,0
DA:330,0
DA:332,0
DA:333,0
DA:340,0
DA:341,0
DA:342,0
DA:345,0
DA:346,0
DA:347,0
DA:348,0
DA:349,0
DA:354,0
DA:355,0
DA:359,0
DA:361,0
DA:368,0
DA:371,0
DA:377,0
DA:379,0
DA:380,0
DA:382,0
DA:390,0
DA:391,0
DA:394,0
DA:395,0
DA:398,0
DA:399,0
DA:401,0
DA:402,0
DA:415,0
DA:416,0
DA:418,0
DA:419,0
DA:423,0
DA:429,0
DA:430,0
DA:432,0
DA:434,0
DA:436,0
DA:438,0
DA:441,0
DA:445,0
DA:455,0
DA:456,0
DA:457,0
DA:458,0
DA:459,0
DA:461,0
DA:462,0
DA:464,0
DA:465,0
DA:468,0
DA:479,0
DA:480,0
DA:481,0
DA:485,0
DA:487,0
DA:489,0
DA:490,0
DA:491,0
DA:492,0
DA:495,0
DA:497,0
DA:499,0
DA:500,0
DA:501,0
DA:504,0
DA:508,0
DA:509,0
DA:510,0
DA:511,0
DA:512,0
DA:513,0
DA:517,0
DA:519,0
DA:520,0
DA:525,0
DA:526,0
DA:530,0
DA:531,0
DA:533,0
DA:535,0
DA:546,0
DA:547,0
DA:548,0
DA:549,0
DA:551,0
DA:561,0
DA:562,0
DA:563,0
DA:567,0
DA:569,0
DA:571,0
DA:572,0
DA:573,0
DA:574,0
DA:577,0
DA:579,0
DA:581,0
DA:582,0
DA:583,0
DA:586,0
DA:590,0
DA:591,0
DA:592,0
DA:593,0
DA:594,0
DA:595,0
DA:599,0
DA:601,0
DA:602,0
DA:606,0
DA:609,0
DA:611,0
DA:613,0
DA:624,0
DA:625,0
DA:626,0
DA:627,0
DA:628,0
DA:630,0
DA:640,0
DA:642,0
DA:643,0
DA:645,0
DA:648,0
DA:650,0
DA:661,0
DA:662,0
DA:663,0
DA:665,0
DA:666,0
DA:669,0
DA:670,0
DA:673,0
DA:674,0
DA:675,0
DA:676,0
DA:679,0
DA:686,0
DA:692,0
DA:695,0
DA:702,0
DA:703,0
DA:707,0
DA:708,0
DA:709,0
DA:710,0
DA:714,0
DA:718,0
DA:733,0
DA:734,0
DA:736,0
DA:737,0
DA:739,0
DA:740,0
DA:742,0
DA:743,0
DA:745,0
DA:749,0
DA:753,0
DA:756,0
DA:757,0
DA:758,0
DA:759,0
DA:761,0
DA:765,0
DA:776,0
DA:777,0
DA:778,0
DA:780,0
DA:786,0
DA:788,0
DA:789,0
DA:790,0
DA:791,0
DA:792,0
DA:793,0
DA:796,0
DA:797,0
DA:808,0
DA:809,0
DA:810,0
DA:811,0
DA:812,0
DA:814,0
DA:815,0
DA:816,0
DA:818,0
DA:819,0
DA:822,0
DA:825,0
DA:827,0
DA:830,0
DA:831,0
DA:833,0
DA:834,0
DA:835,0
DA:836,0
DA:839,0
DA:843,0
DA:848,0
DA:849,0
DA:851,0
DA:852,0
DA:855,0
DA:865,0
DA:866,0
DA:867,0
DA:868,0
DA:869,0
DA:870,0
DA:871,0
DA:872,0
DA:873,0
DA:874,0
DA:875,0
DA:876,0
DA:885,0
DA:886,0
DA:887,0
DA:888,0
DA:889,0
DA:890,0
DA:891,0
DA:892,0
DA:893,0
DA:894,0
DA:895,0
DA:896,0
DA:919,0
DA:920,0
DA:921,0
DA:922,0
DA:924,0
DA:925,0
DA:926,0
DA:936,0
DA:938,0
DA:948,0
DA:950,0
DA:970,0
DA:971,0
DA:985,0
DA:986,0
DA:991,0
DA:992,0
DA:997,0
DA:998,0
DA:999,0
DA:1001,0
DA:1002,0
DA:1011,0
DA:1012,0
DA:1014,0
DA:1016,0
DA:1018,0
DA:1020,0
DA:1022,0
DA:1025,0
DA:1037,0
DA:1038,0
DA:1039,0
DA:1042,0
DA:1043,0
DA:1045,0
DA:1047,0
DA:1049,0
DA:1051,0
DA:1054,0
DA:1055,0
DA:1056,0
DA:1057,0
DA:1058,0
DA:1059,0
DA:1061,0
DA:1065,0
DA:1066,0
DA:1067,0
DA:1068,0
DA:1069,0
DA:1070,0
DA:1072,0
DA:1089,0
DA:1096,0
DA:1097,0
DA:1098,0
DA:1099,0
DA:1102,0
DA:1103,0
DA:1106,0
DA:1109,0
DA:1110,0
DA:1113,0
DA:1114,0
DA:1117,0
DA:1123,0
DA:1124,0
DA:1125,0
DA:1127,0
DA:1128,0
DA:1130,0
DA:1137,0
DA:1139,0
DA:1145,0
DA:1146,0
DA:1161,0
DA:1162,0
DA:1163,0
DA:1164,0
DA:1166,0
DA:1172,0
DA:1173,0
DA:1176,0
DA:1177,0
DA:1178,0
DA:1182,0
DA:1184,0
DA:1185,0
DA:1186,0
DA:1187,0
DA:1191,0
DA:1192,0
DA:1194,0
DA:1201,0
DA:1202,0
DA:1203,0
DA:1209,0
DA:1210,0
DA:1221,0
DA:1222,0
DA:1223,0
DA:1226,0
DA:1227,0
DA:1230,0
DA:1231,0
DA:1232,0
DA:1235,0
DA:1236,0
DA:1239,0
DA:1244,0
DA:1248,0
DA:1259,0
DA:1260,0
DA:1261,0
DA:1264,0
DA:1265,0
DA:1266,0
DA:1267,0
DA:1270,0
DA:1273,0
DA:1275,0
DA:1276,0
DA:1279,0
DA:1281,0
DA:1284,0
DA:1286,0
DA:1287,0
DA:1288,0
DA:1289,0
DA:1290,0
DA:1293,0
DA:1294,0
DA:1295,0
DA:1296,0
DA:1297,0
DA:1300,0
DA:1306,0
DA:1307,0
DA:1308,0
DA:1310,0
DA:1311,0
DA:1312,0
DA:1315,0
DA:1316,0
DA:1318,0
DA:1319,0
DA:1322,0
DA:1323,0
DA:1326,0
DA:1328,0
DA:1337,0
DA:1338,0
DA:1339,0
DA:1340,0
DA:1341,0
DA:1342,0
DA:1345,0
DA:1346,0
DA:1347,0
DA:1348,0
DA:1349,0
DA:1354,0
DA:1359,0
DA:1363,0
DA:1374,0
DA:1375,0
DA:1376,0
DA:1379,0
DA:1382,0
DA:1383,0
DA:1384,0
DA:1387,0
DA:1388,0
DA:1389,0
DA:1392,0
DA:1393,0
DA:1396,0
DA:1397,0
DA:1398,0
DA:1400,0
DA:1401,0
DA:1404,0
DA:1405,0
DA:1406,0
DA:1409,0
DA:1410,0
DA:1411,0
DA:1412,0
DA:1415,0
DA:1420,0
DA:1422,0
DA:1423,0
DA:1426,0
DA:1427,0
DA:1431,0
DA:1432,0
DA:1436,0
DA:1457,0
DA:1458,0
DA:1460,0
DA:1462,0
DA:1463,0
DA:1465,0
DA:1466,0
DA:1488,0
DA:1489,0
DA:1490,0
DA:1491,0
DA:1492,0
DA:1493,0
DA:1502,0
DA:1503,0
DA:1504,0
DA:1505,0
DA:1506,0
DA:1507,0
DA:1510,0
DA:1531,0
DA:1532,0
DA:1533,0
DA:1535,0
DA:1536,0
DA:1538,0
DA:1540,0
DA:1541,0
DA:1544,0
DA:1545,0
DA:1549,0
DA:1551,0
DA:1554,0
DA:1560,0
DA:1563,0
DA:1565,0
DA:1567,0
DA:1568,0
DA:1569,0
DA:1570,0
DA:1574,0
DA:1580,0
DA:1584,0
DA:1585,0
DA:1586,0
DA:1587,0
DA:1593,0
DA:1604,0
DA:1605,0
DA:1606,0
DA:1609,0
DA:1610,0
DA:1611,0
DA:1612,0
DA:1613,0
DA:1616,0
DA:1617,0
DA:1618,0
DA:1619,0
DA:1620,0
DA:1621,0
DA:1622,0
DA:1623,0
DA:1624,0
DA:1626,0
DA:1636,0
DA:1656,0
DA:1657,0
DA:1659,0
DA:1662,0
DA:1663,0
DA:1667,0
DA:1670,0
DA:1671,0
DA:1675,0
DA:1676,0
DA:1677,0
DA:1679,0
DA:1682,0
DA:1690,0
DA:1692,0
DA:1693,0
DA:1694,0
DA:1695,0
DA:1696,0
DA:1697,0
DA:1698,0
DA:1700,0
DA:1702,0
DA:1703,0
DA:1704,0
DA:1705,0
DA:1706,0
DA:1707,0
DA:1709,0
DA:1710,0
DA:1723,0
DA:1724,0
DA:1726,0
DA:1728,0
DA:1730,0
DA:1731,0
DA:1732,0
DA:1734,0
DA:1736,0
DA:1737,0
DA:1738,0
DA:1742,0
DA:1748,0
DA:1749,0
DA:1752,0
DA:1753,0
DA:1754,0
DA:1756,0
DA:1757,0
DA:1759,0
DA:1760,0
DA:1761,0
DA:1762,0
DA:1766,0
DA:1767,0
DA:1768,0
DA:1769,0
DA:1770,0
DA:1772,0
DA:1776,0
DA:1782,0
DA:1783,0
DA:1786,0
DA:1792,0
DA:1793,0
DA:1796,0
DA:1802,0
DA:1803,0
DA:1804,0
DA:1805,0
DA:1807,0
DA:1808,0
DA:1812,0
DA:1832,0
DA:1833,0
DA:1834,0
DA:1835,0
DA:1836,0
DA:1837,0
DA:1838,0
DA:1841,0
DA:1842,0
DA:1845,0
DA:1853,0
DA:1859,0
DA:1860,0
DA:1861,0
DA:1862,0
DA:1865,0
DA:1868,0
DA:1869,0
DA:1870,0
DA:1873,0
DA:1874,0
DA:1877,0
DA:1879,0
DA:1880,0
DA:1882,0
DA:1885,0
DA:1888,0
DA:1892,0
DA:1893,0
DA:1894,0
DA:1895,0
DA:1896,0
DA:1897,0
DA:1899,0
DA:1909,0
DA:1910,0
DA:1911,0
DA:1914,0
DA:1917,0
DA:1918,0
DA:1921,0
DA:1924,0
DA:1925,0
DA:1928,0
DA:1930,0
DA:1931,0
DA:1932,0
DA:1933,0
DA:1936,0
DA:1939,0
DA:1940,0
DA:1941,0
DA:1942,0
DA:1946,0
DA:1949,0
DA:1950,0
DA:1959,0
DA:1963,0
DA:1965,0
DA:1970,0
DA:1972,0
DA:1973,0
DA:1974,0
DA:1977,0
DA:1978,0
DA:1981,0
DA:1982,0
DA:1985,0
DA:1986,0
DA:1987,0
DA:1989,0
DA:1990,0
DA:1993,0
DA:1994,0
DA:1996,0
DA:1997,0
DA:2000,0
DA:2008,0
DA:2009,0
DA:2015,0
DA:2018,0
DA:2020,0
DA:2021,0
DA:2024,0
DA:2030,0
DA:2031,0
DA:2040,0
DA:2043,0
DA:2048,0
DA:2054,0
DA:2055,0
DA:2056,0
DA:2057,0
DA:2062,0
DA:2065,0
DA:2066,0
DA:2067,0
DA:2070,0
DA:2071,0
DA:2073,0
DA:2074,0
DA:2079,0
DA:2080,0
DA:2083,0
DA:2084,0
DA:2085,0
DA:2087,0
DA:2089,0
DA:2090,0
DA:2092,0
DA:2095,0
DA:2096,0
DA:2098,0
DA:2100,0
DA:2101,0
DA:2102,0
DA:2106,0
DA:2107,0
DA:2108,0
DA:2120,0
DA:2121,0
DA:2123,0
DA:2126,0
DA:2132,0
DA:2133,0
DA:2137,0
DA:2142,0
DA:2145,0
DA:2146,0
DA:2148,0
DA:2149,0
DA:2152,0
DA:2153,0
DA:2155,0
DA:2156,0
DA:2163,0
DA:2168,0
DA:2170,0
DA:2171,0
DA:2172,0
DA:2173,0
DA:2174,0
DA:2176,0
DA:2178,0
DA:2182,0
DA:2187,0
DA:2190,0
DA:2191,0
DA:2192,0
DA:2195,0
DA:2196,0
DA:2197,0
DA:2202,0
DA:2203,0
DA:2204,0
DA:2205,0
DA:2206,0
DA:2207,0
DA:2211,0
DA:2219,0
DA:2222,0
DA:2223,0
DA:2226,0
DA:2227,0
DA:2230,0
DA:2231,0
DA:2232,0
DA:2233,0
DA:2237,0
DA:2250,0
DA:2251,0
DA:2252,0
DA:2255,0
DA:2256,0
DA:2257,0
DA:2260,0
DA:2261,0
DA:2262,0
DA:2265,0
DA:2266,0
DA:2267,0
DA:2270,0
DA:2273,0
DA:2274,0
DA:2277,0
DA:2280,0
DA:2281,0
DA:2284,0
DA:2286,0
DA:2287,0
DA:2289,0
DA:2296,0
DA:2297,0
DA:2301,0
DA:2302,0
DA:2303,0
DA:2304,0
DA:2305,0
DA:2306,0
DA:2307,0
DA:2308,0
DA:2309,0
DA:2310,0
DA:2311,0
DA:2312,0
DA:2313,0
DA:2314,0
DA:2315,0
DA:2316,0
DA:2317,0
DA:2318,0
DA:2321,0
DA:2322,0
DA:2323,0
DA:2324,0
DA:2346,0
DA:2367,0
DA:2378,0
DA:2379,0
DA:2380,0
DA:2383,0
DA:2386,0
DA:2387,0
DA:2388,0
DA:2391,0
DA:2392,0
DA:2399,0
DA:2400,0
DA:2401,0
DA:2404,0
DA:2406,0
DA:2410,0
DA:2414,0
DA:2415,0
DA:2416,0
DA:2419,0
DA:2421,0
DA:2422,0
DA:2423,0
DA:2424,0
DA:2428,0
DA:2429,0
DA:2432,0
DA:2439,0
DA:2440,0
DA:2441,0
DA:2448,0
DA:2449,0
LF:922
LH:0
BRDA:7,0,0,0
BRDA:7,0,1,0
BRDA:105,1,0,0
BRDA:105,1,1,0
BRDA:120,2,0,0
BRDA:120,2,1,0
BRDA:142,3,0,0
BRDA:142,3,1,0
BRDA:145,4,0,0
BRDA:145,4,1,0
BRDA:148,5,0,0
BRDA:148,5,1,0
BRDA:151,6,0,0
BRDA:151,6,1,0
BRDA:155,7,0,0
BRDA:155,7,1,0
BRDA:158,8,0,0
BRDA:158,8,1,0
BRDA:161,9,0,0
BRDA:161,9,1,0
BRDA:164,10,0,0
BRDA:164,10,1,0
BRDA:183,11,0,0
BRDA:204,12,0,0
BRDA:204,12,1,0
BRDA:242,13,0,0
BRDA:242,13,1,0
BRDA:243,14,0,0
BRDA:243,14,1,0
BRDA:244,15,0,0
BRDA:244,15,1,0
BRDA:244,15,2,0
BRDA:244,15,3,0
BRDA:244,15,4,0
BRDA:244,15,5,0
BRDA:244,15,6,0
BRDA:260,16,0,0
BRDA:260,16,1,0
BRDA:273,17,0,0
BRDA:274,18,0,0
BRDA:274,18,1,0
BRDA:278,19,0,0
BRDA:278,19,1,0
BRDA:280,20,0,0
BRDA:280,20,1,0
BRDA:284,21,0,0
BRDA:284,21,1,0
BRDA:289,22,0,0
BRDA:289,22,1,0
BRDA:289,23,0,0
BRDA:289,23,1,0
BRDA:296,24,0,0
BRDA:296,24,1,0
BRDA:296,25,0,0
BRDA:296,25,1,0
BRDA:299,26,0,0
BRDA:299,26,1,0
BRDA:309,27,0,0
BRDA:309,27,1,0
BRDA:309,28,0,0
BRDA:309,28,1,0
BRDA:320,29,0,0
BRDA:320,29,1,0
BRDA:332,30,0,0
BRDA:332,30,1,0
BRDA:332,31,0,0
BRDA:332,31,1,0
BRDA:337,32,0,0
BRDA:337,32,1,0
BRDA:338,33,0,0
BRDA:338,33,1,0
BRDA:341,34,0,0
BRDA:341,34,1,0
BRDA:354,35,0,0
BRDA:354,35,1,0
BRDA:363,36,0,0
BRDA:363,36,1,0
BRDA:364,37,0,0
BRDA:364,37,1,0
BRDA:380,38,0,0
BRDA:380,38,1,0
BRDA:385,39,0,0
BRDA:385,39,1,0
BRDA:386,40,0,0
BRDA:386,40,1,0
BRDA:390,41,0,0
BRDA:390,41,1,0
BRDA:394,42,0,0
BRDA:394,42,1,0
BRDA:399,43,0,0
BRDA:399,43,1,0
BRDA:418,44,0,0
BRDA:418,44,1,0
BRDA:418,45,0,0
BRDA:418,45,1,0
BRDA:429,46,0,0
BRDA:429,46,1,0
BRDA:430,47,0,0
BRDA:430,47,1,0
BRDA:430,47,2,0
BRDA:430,47,3,0
BRDA:430,47,4,0
BRDA:457,48,0,0
BRDA:457,48,1,0
BRDA:461,49,0,0
BRDA:461,49,1,0
BRDA:461,50,0,0
BRDA:461,50,1,0
BRDA:481,51,0,0
BRDA:481,51,1,0
BRDA:485,52,0,0
BRDA:485,52,1,0
BRDA:487,53,0,0
BRDA:487,53,1,0
BRDA:497,54,0,0
BRDA:497,54,1,0
BRDA:511,55,0,0
BRDA:511,55,1,0
BRDA:511,56,0,0
BRDA:511,56,1,0
BRDA:511,56,2,0
BRDA:517,57,0,0
BRDA:517,57,1,0
BRDA:525,58,0,0
BRDA:525,58,1,0
BRDA:525,59,0,0
BRDA:525,59,1,0
BRDA:548,60,0,0
BRDA:548,60,1,0
BRDA:563,61,0,0
BRDA:563,61,1,0
BRDA:567,62,0,0
BRDA:567,62,1,0
BRDA:569,63,0,0
BRDA:569,63,1,0
BRDA:579,64,0,0
BRDA:579,64,1,0
BRDA:593,65,0,0
BRDA:593,65,1,0
BRDA:593,66,0,0
BRDA:593,66,1,0
BRDA:593,66,2,0
BRDA:599,67,0,0
BRDA:599,67,1,0
BRDA:626,68,0,0
BRDA:626,68,1,0
BRDA:643,69,0,0
BRDA:643,69,1,0
BRDA:663,70,0,0
BRDA:663,70,1,0
BRDA:692,71,0,0
BRDA:692,71,1,0
BRDA:695,72,0,0
BRDA:695,72,1,0
BRDA:696,73,0,0
BRDA:696,73,1,0
BRDA:714,74,0,0
BRDA:714,74,1,0
BRDA:733,75,0,0
BRDA:733,75,1,0
BRDA:734,76,0,0
BRDA:734,76,1,0
BRDA:734,76,2,0
BRDA:734,76,3,0
BRDA:756,77,0,0
BRDA:756,77,1,0
BRDA:778,78,0,0
BRDA:778,78,1,0
BRDA:788,79,0,0
BRDA:788,79,1,0
BRDA:788,80,0,0
BRDA:788,80,1,0
BRDA:788,80,2,0
BRDA:814,81,0,0
BRDA:814,81,1,0
BRDA:815,82,0,0
BRDA:815,82,1,0
BRDA:816,83,0,0
BRDA:816,83,1,0
BRDA:830,84,0,0
BRDA:830,84,1,0
BRDA:843,85,0,0
BRDA:843,85,1,0
BRDA:843,86,0,0
BRDA:843,86,1,0
BRDA:984,87,0,0
BRDA:985,88,0,0
BRDA:985,88,1,0
BRDA:991,89,0,0
BRDA:991,89,1,0
BRDA:1001,90,0,0
BRDA:1001,90,1,0
BRDA:1011,91,0,0
BRDA:1011,91,1,0
BRDA:1012,92,0,0
BRDA:1012,92,1,0
BRDA:1012,92,2,0
BRDA:1012,92,3,0
BRDA:1012,92,4,0
BRDA:1036,93,0,0
BRDA:1037,94,0,0
BRDA:1037,94,1,0
BRDA:1037,95,0,0
BRDA:1037,95,1,0
BRDA:1042,96,0,0
BRDA:1042,96,1,0
BRDA:1043,97,0,0
BRDA:1043,97,1,0
BRDA:1043,97,2,0
BRDA:1043,97,3,0
BRDA:1043,97,4,0
BRDA:1106,98,0,0
BRDA:1106,98,1,0
BRDA:1137,99,0,0
BRDA:1137,99,1,0
BRDA:1145,100,0,0
BRDA:1145,100,1,0
BRDA:1160,101,0,0
BRDA:1172,102,0,0
BRDA:1172,102,1,0
BRDA:1185,103,0,0
BRDA:1185,103,1,0
BRDA:1202,104,0,0
BRDA:1202,104,1,0
BRDA:1202,105,0,0
BRDA:1202,105,1,0
BRDA:1209,106,0,0
BRDA:1209,106,1,0
BRDA:1221,107,0,0
BRDA:1221,107,1,0
BRDA:1221,108,0,0
BRDA:1221,108,1,0
BRDA:1227,109,0,0
BRDA:1227,109,1,0
BRDA:1259,110,0,0
BRDA:1259,110,1,0
BRDA:1259,111,0,0
BRDA:1259,111,1,0
BRDA:1264,112,0,0
BRDA:1264,112,1,0
BRDA:1265,113,0,0
BRDA:1265,113,1,0
BRDA:1281,114,0,0
BRDA:1281,114,1,0
BRDA:1281,115,0,0
BRDA:1281,115,1,0
BRDA:1284,116,0,0
BRDA:1284,116,1,0
BRDA:1337,117,0,0
BRDA:1337,117,1,0
BRDA:1374,118,0,0
BRDA:1374,118,1,0
BRDA:1374,119,0,0
BRDA:1374,119,1,0
BRDA:1405,120,0,0
BRDA:1405,120,1,0
BRDA:1420,121,0,0
BRDA:1420,121,1,0
BRDA:1460,122,0,0
BRDA:1460,122,1,0
BRDA:1504,123,0,0
BRDA:1504,123,1,0
BRDA:1531,124,0,0
BRDA:1535,125,0,0
BRDA:1535,125,1,0
BRDA:1536,126,0,0
BRDA:1536,126,1,0
BRDA:1544,127,0,0
BRDA:1544,127,1,0
BRDA:1544,128,0,0
BRDA:1544,128,1,0
BRDA:1549,129,0,0
BRDA:1549,129,1,0
BRDA:1549,130,0,0
BRDA:1549,130,1,0
BRDA:1549,130,2,0
BRDA:1560,131,0,0
BRDA:1560,131,1,0
BRDA:1567,132,0,0
BRDA:1567,132,1,0
BRDA:1567,133,0,0
BRDA:1567,133,1,0
BRDA:1568,134,0,0
BRDA:1568,134,1,0
BRDA:1584,135,0,0
BRDA:1584,135,1,0
BRDA:1586,136,0,0
BRDA:1586,136,1,0
BRDA:1604,137,0,0
BRDA:1604,137,1,0
BRDA:1609,138,0,0
BRDA:1609,138,1,0
BRDA:1656,139,0,0
BRDA:1657,140,0,0
BRDA:1657,140,1,0
BRDA:1662,141,0,0
BRDA:1662,141,1,0
BRDA:1662,142,0,0
BRDA:1662,142,1,0
BRDA:1670,143,0,0
BRDA:1670,143,1,0
BRDA:1670,144,0,0
BRDA:1670,144,1,0
BRDA:1679,145,0,0
BRDA:1679,145,1,0
BRDA:1690,146,0,0
BRDA:1690,146,1,0
BRDA:1726,147,0,0
BRDA:1726,147,1,0
BRDA:1734,148,0,0
BRDA:1734,148,1,0
BRDA:1760,149,0,0
BRDA:1760,149,1,0
BRDA:1812,150,0,0
BRDA:1812,150,1,0
BRDA:1831,151,0,0
BRDA:1873,152,0,0
BRDA:1873,152,1,0
BRDA:1874,153,0,0
BRDA:1874,153,1,0
BRDA:1879,154,0,0
BRDA:1879,154,1,0
BRDA:1909,155,0,0
BRDA:1909,155,1,0
BRDA:1910,156,0,0
BRDA:1910,156,1,0
BRDA:1911,157,0,0
BRDA:1911,157,1,0
BRDA:1969,158,0,0
BRDA:1970,159,0,0
BRDA:1970,159,1,0
BRDA:1978,160,0,0
BRDA:1978,160,1,0
BRDA:1987,161,0,0
BRDA:1987,161,1,0
BRDA:1994,162,0,0
BRDA:1994,162,1,0
BRDA:2008,163,0,0
BRDA:2008,163,1,0
BRDA:2018,164,0,0
BRDA:2018,164,1,0
BRDA:2018,165,0,0
BRDA:2018,165,1,0
BRDA:2030,166,0,0
BRDA:2030,166,1,0
BRDA:2047,167,0,0
BRDA:2049,168,0,0
BRDA:2049,168,1,0
BRDA:2050,169,0,0
BRDA:2050,169,1,0
BRDA:2051,170,0,0
BRDA:2051,170,1,0
BRDA:2054,171,0,0
BRDA:2054,171,1,0
BRDA:2055,172,0,0
BRDA:2055,172,1,0
BRDA:2058,173,0,0
BRDA:2058,173,1,0
BRDA:2058,174,0,0
BRDA:2058,174,1,0
BRDA:2059,175,0,0
BRDA:2059,175,1,0
BRDA:2059,176,0,0
BRDA:2059,176,1,0
BRDA:2075,177,0,0
BRDA:2075,177,1,0
BRDA:2075,178,0,0
BRDA:2075,178,1,0
BRDA:2076,179,0,0
BRDA:2076,179,1,0
BRDA:2076,180,0,0
BRDA:2076,180,1,0
BRDA:2090,181,0,0
BRDA:2090,181,1,0
BRDA:2100,182,0,0
BRDA:2100,182,1,0
BRDA:2106,183,0,0
BRDA:2106,183,1,0
BRDA:2127,184,0,0
BRDA:2127,184,1,0
BRDA:2127,185,0,0
BRDA:2127,185,1,0
BRDA:2128,186,0,0
BRDA:2128,186,1,0
BRDA:2128,187,0,0
BRDA:2128,187,1,0
BRDA:2146,188,0,0
BRDA:2146,188,1,0
BRDA:2155,189,0,0
BRDA:2155,189,1,0
BRDA:2176,190,0,0
BRDA:2176,190,1,0
BRDA:2176,191,0,0
BRDA:2176,191,1,0
BRDA:2196,192,0,0
BRDA:2196,192,1,0
BRDA:2202,193,0,0
BRDA:2202,193,1,0
BRDA:2206,194,0,0
BRDA:2206,194,1,0
BRDA:2222,195,0,0
BRDA:2222,195,1,0
BRDA:2230,196,0,0
BRDA:2230,196,1,0
BRDA:2230,197,0,0
BRDA:2230,197,1,0
BRDA:2230,197,2,0
BRDA:2230,197,3,0
BRDA:2249,198,0,0
BRDA:2250,199,0,0
BRDA:2250,199,1,0
BRDA:2250,200,0,0
BRDA:2250,200,1,0
BRDA:2270,201,0,0
BRDA:2270,201,1,0
BRDA:2284,202,0,0
BRDA:2284,202,1,0
BRDA:2296,203,0,0
BRDA:2296,203,1,0
BRDA:2326,204,0,0
BRDA:2326,204,1,0
BRDA:2345,205,0,0
BRDA:2366,206,0,0
BRDA:2377,207,0,0
BRDA:2378,208,0,0
BRDA:2378,208,1,0
BRDA:2378,209,0,0
BRDA:2378,209,1,0
BRDA:2391,210,0,0
BRDA:2391,210,1,0
BRDA:2404,211,0,0
BRDA:2404,211,1,0
BRDA:2422,212,0,0
BRDA:2422,212,1,0
BRDA:2440,213,0,0
BRDA:2440,213,1,0
BRDA:2440,214,0,0
BRDA:2440,214,1,0
BRDA:2448,215,0,0
BRDA:2448,215,1,0
BRF:440
BRH:0
end_of_record
TN:
SF:src/io/p5-gcode-writer.js
FN:3,(anonymous_0)
FN:14,(anonymous_1)
FN:18,(anonymous_2)
FN:39,(anonymous_3)
FN:73,(anonymous_4)
FN:80,(anonymous_5)
FNF:6
FNH:0
FNDA:0,(anonymous_0)
FNDA:0,(anonymous_1)
FNDA:0,(anonymous_2)
FNDA:0,(anonymous_3)
FNDA:0,(anonymous_4)
FNDA:0,(anonymous_5)
DA:4,0
DA:5,0
DA:6,0
DA:7,0
DA:8,0
DA:9,0
DA:10,0
DA:11,0
DA:15,0
DA:19,0
DA:20,0
DA:21,0
DA:22,0
DA:23,0
DA:24,0
DA:26,0
DA:27,0
DA:28,0
DA:29,0
DA:30,0
DA:32,0
DA:33,0
DA:34,0
DA:36,0
DA:40,0
DA:41,0
DA:44,0
DA:46,0
DA:47,0
DA:48,0
DA:49,0
DA:50,0
DA:51,0
DA:55,0
DA:56,0
DA:59,0
DA:70,0
DA:74,0
DA:75,0
DA:76,0
DA:77,0
DA:78,0
DA:79,0
DA:80,0
DA:81,0
DA:82,0
LF:46
LH:0
BRDA:18,0,0,0
BRDA:20,1,0,0
BRDA:20,1,1,0
BRDA:26,2,0,0
BRDA:26,2,1,0
BRDA:32,3,0,0
BRDA:32,3,1,0
BRF:7
BRH:0
end_of_record
TN:
SF:src/io/p5-tajima-dst-writer.js
FN:10,(anonymous_0)
FN:26,(anonymous_1)
FN:30,(anonymous_2)
FN:149,(anonymous_3)
FN:200,(anonymous_4)
FN:208,(anonymous_5)
FN:247,(anonymous_6)
FN:290,(anonymous_7)
FN:443,(anonymous_8)
FN:450,(anonymous_9)
FN:452,(anonymous_10)
FN:456,(anonymous_11)
FN:473,(anonymous_12)
FNF:13
FNH:0
FNDA:0,(anonymous_0)
FNDA:0,(anonymous_1)
FNDA:0,(anonymous_2)
FNDA:0,(anonymous_3)
FNDA:0,(anonymous_4)
FNDA:0,(anonymous_5)
FNDA:0,(anonymous_6)
FNDA:0,(anonymous_7)
FNDA:0,(anonymous_8)
FNDA:0,(anonymous_9)
FNDA:0,(anonymous_10)
FNDA:0,(anonymous_11)
FNDA:0,(anonymous_12)
DA:7,0
DA:11,0
DA:12,0
DA:13,0
DA:14,0
DA:15,0
DA:16,0
DA:17,0
DA:18,0
DA:21,0
DA:22,0
DA:23,0
DA:24,0
DA:27,0
DA:31,0
DA:32,0
DA:46,0
DA:47,0
DA:48,0
DA:49,0
DA:51,0
DA:53,0
DA:56,0
DA:57,0
DA:58,0
DA:59,0
DA:60,0
DA:62,0
DA:63,0
DA:64,0
DA:66,0
DA:67,0
DA:68,0
DA:70,0
DA:71,0
DA:72,0
DA:74,0
DA:75,0
DA:76,0
DA:78,0
DA:79,0
DA:80,0
DA:82,0
DA:83,0
DA:84,0
DA:86,0
DA:87,0
DA:88,0
DA:90,0
DA:91,0
DA:92,0
DA:94,0
DA:95,0
DA:96,0
DA:98,0
DA:99,0
DA:100,0
DA:102,0
DA:103,0
DA:104,0
DA:106,0
DA:107,0
DA:108,0
DA:110,0
DA:111,0
DA:112,0
DA:114,0
DA:115,0
DA:116,0
DA:118,0
DA:119,0
DA:120,0
DA:122,0
DA:123,0
DA:124,0
DA:126,0
DA:127,0
DA:128,0
DA:130,0
DA:131,0
DA:132,0
DA:134,0
DA:135,0
DA:136,0
DA:138,0
DA:140,0
DA:141,0
DA:143,0
DA:144,0
DA:146,0
DA:150,0
DA:151,0
DA:152,0
DA:160,0
DA:161,0
DA:163,0
DA:164,0
DA:165,0
DA:167,0
DA:168,0
DA:169,0
DA:170,0
DA:171,0
DA:173,0
DA:174,0
DA:177,0
DA:178,0
DA:179,0
DA:180,0
DA:181,0
DA:182,0
DA:185,0
DA:186,0
DA:187,0
DA:188,0
DA:190,0
DA:191,0
DA:201,0
DA:202,0
DA:203,0
DA:204,0
DA:207,0
DA:208,0
DA:209,0
DA:210,0
DA:214,0
DA:215,0
DA:216,0
DA:217,0
DA:218,0
DA:221,0
DA:237,0
DA:238,0
DA:244,0
DA:248,0
DA:249,0
DA:250,0
DA:257,0
DA:258,0
DA:259,0
DA:260,0
DA:261,0
DA:262,0
DA:263,0
DA:264,0
DA:265,0
DA:268,0
DA:269,0
DA:270,0
DA:274,0
DA:275,0
DA:277,0
DA:278,0
DA:290,0
DA:292,0
DA:295,0
DA:296,0
DA:299,0
DA:300,0
DA:307,0
DA:310,0
DA:311,0
DA:320,0
DA:321,0
DA:322,0
DA:326,0
DA:327,0
DA:328,0
DA:329,0
DA:333,0
DA:334,0
DA:335,0
DA:339,0
DA:340,0
DA:341,0
DA:345,0
DA:346,0
DA:347,0
DA:355,0
DA:357,0
DA:358,0
DA:368,0
DA:369,0
DA:370,0
DA:371,0
DA:374,0
DA:375,0
DA:376,0
DA:377,0
DA:380,0
DA:381,0
DA:382,0
DA:383,0
DA:385,0
DA:389,0
DA:390,0
DA:392,0
DA:393,0
DA:402,0
DA:404,0
DA:405,0
DA:418,0
DA:420,0
DA:434,0
DA:435,0
DA:437,0
DA:440,0
DA:444,0
DA:445,0
DA:446,0
DA:447,0
DA:450,0
DA:452,0
DA:456,0
DA:457,0
DA:458,0
DA:462,0
DA:463,0
DA:474,0
DA:475,0
DA:476,0
DA:477,0
DA:483,0
DA:484,0
DA:485,0
DA:486,0
LF:226
LH:0
BRDA:31,0,0,0
BRDA:31,0,1,0
BRDA:36,1,0,0
BRDA:36,1,1,0
BRDA:38,2,0,0
BRDA:38,2,1,0
BRDA:40,3,0,0
BRDA:40,3,1,0
BRDA:51,4,0,0
BRDA:51,4,1,0
BRDA:51,4,2,0
BRDA:51,4,3,0
BRDA:58,5,0,0
BRDA:58,5,1,0
BRDA:62,6,0,0
BRDA:62,6,1,0
BRDA:66,7,0,0
BRDA:66,7,1,0
BRDA:70,8,0,0
BRDA:70,8,1,0
BRDA:74,9,0,0
BRDA:74,9,1,0
BRDA:78,10,0,0
BRDA:78,10,1,0
BRDA:82,11,0,0
BRDA:82,11,1,0
BRDA:86,12,0,0
BRDA:86,12,1,0
BRDA:90,13,0,0
BRDA:90,13,1,0
BRDA:94,14,0,0
BRDA:94,14,1,0
BRDA:98,15,0,0
BRDA:98,15,1,0
BRDA:102,16,0,0
BRDA:102,16,1,0
BRDA:106,17,0,0
BRDA:106,17,1,0
BRDA:110,18,0,0
BRDA:110,18,1,0
BRDA:114,19,0,0
BRDA:114,19,1,0
BRDA:118,20,0,0
BRDA:118,20,1,0
BRDA:122,21,0,0
BRDA:122,21,1,0
BRDA:126,22,0,0
BRDA:126,22,1,0
BRDA:130,23,0,0
BRDA:130,23,1,0
BRDA:134,24,0,0
BRDA:134,24,1,0
BRDA:149,25,0,0
BRDA:150,26,0,0
BRDA:150,26,1,0
BRDA:150,27,0,0
BRDA:150,27,1,0
BRDA:151,28,0,0
BRDA:151,28,1,0
BRDA:155,29,0,0
BRDA:155,29,1,0
BRDA:155,30,0,0
BRDA:155,30,1,0
BRDA:163,31,0,0
BRDA:163,31,1,0
BRDA:164,32,0,0
BRDA:164,32,1,0
BRDA:165,33,0,0
BRDA:165,33,1,0
BRDA:177,34,0,0
BRDA:177,34,1,0
BRDA:177,35,0,0
BRDA:177,35,1,0
BRDA:190,36,0,0
BRDA:190,36,1,0
BRDA:207,37,0,0
BRDA:207,37,1,0
BRDA:209,38,0,0
BRDA:209,38,1,0
BRDA:237,39,0,0
BRDA:237,39,1,0
BRDA:248,40,0,0
BRDA:248,40,1,0
BRDA:269,41,0,0
BRDA:269,41,1,0
BRDA:277,42,0,0
BRDA:277,42,1,0
BRDA:299,43,0,0
BRDA:299,43,1,0
BRDA:299,44,0,0
BRDA:299,44,1,0
BRDA:310,45,0,0
BRDA:310,45,1,0
BRDA:321,46,0,0
BRDA:321,46,1,0
BRDA:328,47,0,0
BRDA:328,47,1,0
BRDA:333,48,0,0
BRDA:333,48,1,0
BRDA:334,49,0,0
BRDA:334,49,1,0
BRDA:345,50,0,0
BRDA:345,50,1,0
BRDA:346,51,0,0
BRDA:346,51,1,0
BRDA:357,52,0,0
BRDA:357,52,1,0
BRDA:389,53,0,0
BRDA:389,53,1,0
BRDA:389,54,0,0
BRDA:389,54,1,0
BRDA:392,55,0,0
BRDA:392,55,1,0
BRDA:396,56,0,0
BRDA:396,56,1,0
BRDA:404,57,0,0
BRDA:404,57,1,0
BRDA:476,58,0,0
BRDA:476,58,1,0
BRDA:483,59,0,0
BRDA:483,59,1,0
BRDA:485,60,0,0
BRDA:485,60,1,0
BRF:123
BRH:0
end_of_record
